TpTrace Verbose: 0 : 21304, 1, 2023/06/22, 17:04:51.179, 2038245428457, vstest.console.dll, Version: 17.4.0-release-20221019-01 Current process architecture: X64
TpTrace Verbose: 0 : 21304, 1, 2023/06/22, 17:04:51.180, 2038245442616, vstest.console.dll, Runtime location: C:\Program Files\dotnet\shared\Microsoft.NETCore.App\7.0.0
TpTrace Verbose: 0 : 21304, 1, 2023/06/22, 17:04:51.182, 2038245463225, vstest.console.dll, ArtifactProcessingPostProcessModeProcessorExecutor.Initialize: ArtifactProcessingMode.Collect
TpTrace Verbose: 0 : 21304, 1, 2023/06/22, 17:04:51.182, 2038245464349, vstest.console.dll, TestSessionCorrelationIdProcessorModeProcessorExecutor.Initialize: TestSessionCorrelationId '20848_eba8f7a4-41a3-467d-9546-15f4abaa9bcf'
TpTrace Information: 0 : 21304, 1, 2023/06/22, 17:04:51.190, 2038245542745, vstest.console.dll, FilePatternParser: The given file C:\Users\edwin.tangarife\Documents\Repos\RetoSofka\RetoSofka\RetoSofka\RetoSofka.Test\bin\Debug\net6.0\fine-code-coverage\build-output\RetoSofka.Test.dll is a full path.
TpTrace Verbose: 0 : 21304, 1, 2023/06/22, 17:04:51.194, 2038245581100, vstest.console.dll, TestPluginCache.DiscoverTestExtensions: finding test extensions in assemblies ends with: RuntimeProvider.dll TPluginInfo: Microsoft.VisualStudio.TestPlatform.Common.ExtensionFramework.Utilities.TestRuntimePluginInformation TExtension: Microsoft.VisualStudio.TestPlatform.ObjectModel.Host.ITestRuntimeProvider
TpTrace Verbose: 0 : 21304, 1, 2023/06/22, 17:04:51.194, 2038245583146, vstest.console.dll, TestPluginCache.GetExtensionPaths: Filtered extension paths: 
TpTrace Verbose: 0 : 21304, 1, 2023/06/22, 17:04:51.194, 2038245583778, vstest.console.dll, TestPluginCache.GetExtensionPaths: Added default extension paths: C:\Program Files\dotnet\sdk\7.0.100\Extensions\Microsoft.Diagnostics.NETCore.Client.dll
C:\Program Files\dotnet\sdk\7.0.100\Extensions\Microsoft.TestPlatform.Extensions.BlameDataCollector.dll
C:\Program Files\dotnet\sdk\7.0.100\Extensions\Microsoft.TestPlatform.Extensions.EventLogCollector.dll
C:\Program Files\dotnet\sdk\7.0.100\Extensions\Microsoft.TestPlatform.TestHostRuntimeProvider.dll
C:\Program Files\dotnet\sdk\7.0.100\Extensions\Microsoft.VisualStudio.TestPlatform.Extensions.Html.TestLogger.dll
C:\Program Files\dotnet\sdk\7.0.100\Extensions\Microsoft.VisualStudio.TestPlatform.Extensions.Trx.TestLogger.dll
TpTrace Verbose: 0 : 21304, 1, 2023/06/22, 17:04:51.194, 2038245584029, vstest.console.dll, TestPluginCache.GetExtensionPaths: Added unfilterableExtensionPaths: 
TpTrace Information: 0 : 21304, 1, 2023/06/22, 17:04:51.195, 2038245588723, vstest.console.dll, AssemblyResolver.ctor: Creating AssemblyResolver with searchDirectories C:\Program Files\dotnet\sdk\7.0.100\Extensions,C:\Program Files\dotnet\sdk\7.0.100
TpTrace Verbose: 0 : 21304, 1, 2023/06/22, 17:04:51.195, 2038245597388, vstest.console.dll, TestPluginCache.DiscoverTestExtensions: Discovering the extensions using extension path.
TpTrace Verbose: 0 : 21304, 1, 2023/06/22, 17:04:51.196, 2038245598423, vstest.console.dll, TestPluginCache.GetExtensionPaths: Filtered extension paths: 
TpTrace Verbose: 0 : 21304, 1, 2023/06/22, 17:04:51.196, 2038245598781, vstest.console.dll, TestPluginCache.GetExtensionPaths: Added default extension paths: C:\Program Files\dotnet\sdk\7.0.100\Extensions\Microsoft.Diagnostics.NETCore.Client.dll
C:\Program Files\dotnet\sdk\7.0.100\Extensions\Microsoft.TestPlatform.Extensions.BlameDataCollector.dll
C:\Program Files\dotnet\sdk\7.0.100\Extensions\Microsoft.TestPlatform.Extensions.EventLogCollector.dll
C:\Program Files\dotnet\sdk\7.0.100\Extensions\Microsoft.TestPlatform.TestHostRuntimeProvider.dll
C:\Program Files\dotnet\sdk\7.0.100\Extensions\Microsoft.VisualStudio.TestPlatform.Extensions.Html.TestLogger.dll
C:\Program Files\dotnet\sdk\7.0.100\Extensions\Microsoft.VisualStudio.TestPlatform.Extensions.Trx.TestLogger.dll
TpTrace Verbose: 0 : 21304, 1, 2023/06/22, 17:04:51.196, 2038245598993, vstest.console.dll, TestPluginCache.GetExtensionPaths: Added unfilterableExtensionPaths: 
TpTrace Verbose: 0 : 21304, 1, 2023/06/22, 17:04:51.196, 2038245599618, vstest.console.dll, TestPluginCache.DiscoverTestExtensions: Discovering the extensions using allExtensionPaths: C:\Program Files\dotnet\sdk\7.0.100\Extensions\Microsoft.Diagnostics.NETCore.Client.dll
C:\Program Files\dotnet\sdk\7.0.100\Extensions\Microsoft.TestPlatform.Extensions.BlameDataCollector.dll
C:\Program Files\dotnet\sdk\7.0.100\Extensions\Microsoft.TestPlatform.Extensions.EventLogCollector.dll
C:\Program Files\dotnet\sdk\7.0.100\Extensions\Microsoft.TestPlatform.TestHostRuntimeProvider.dll
C:\Program Files\dotnet\sdk\7.0.100\Extensions\Microsoft.VisualStudio.TestPlatform.Extensions.Html.TestLogger.dll
C:\Program Files\dotnet\sdk\7.0.100\Extensions\Microsoft.VisualStudio.TestPlatform.Extensions.Trx.TestLogger.dll
TpTrace Information: 0 : 21304, 1, 2023/06/22, 17:04:51.196, 2038245600708, vstest.console.dll, AssemblyResolver.AddSearchDirectories: Adding more searchDirectories C:\Program Files\dotnet\sdk\7.0.100\Extensions,C:\Program Files\dotnet\sdk\7.0.100
TpTrace Information: 0 : 21304, 1, 2023/06/22, 17:04:51.196, 2038245601104, vstest.console.dll, AssemblyResolver.AddSearchDirectories: Adding more searchDirectories C:\Program Files\dotnet\sdk\7.0.100\Extensions,C:\Program Files\dotnet\sdk\7.0.100
TpTrace Information: 0 : 21304, 1, 2023/06/22, 17:04:51.196, 2038245601329, vstest.console.dll, AssemblyResolver.AddSearchDirectories: Adding more searchDirectories C:\Program Files\dotnet\sdk\7.0.100\Extensions,C:\Program Files\dotnet\sdk\7.0.100
TpTrace Information: 0 : 21304, 1, 2023/06/22, 17:04:51.196, 2038245601525, vstest.console.dll, AssemblyResolver.AddSearchDirectories: Adding more searchDirectories C:\Program Files\dotnet\sdk\7.0.100\Extensions,C:\Program Files\dotnet\sdk\7.0.100
TpTrace Information: 0 : 21304, 1, 2023/06/22, 17:04:51.196, 2038245601758, vstest.console.dll, AssemblyResolver.AddSearchDirectories: Adding more searchDirectories C:\Program Files\dotnet\sdk\7.0.100\Extensions,C:\Program Files\dotnet\sdk\7.0.100
TpTrace Information: 0 : 21304, 1, 2023/06/22, 17:04:51.196, 2038245601992, vstest.console.dll, AssemblyResolver.AddSearchDirectories: Adding more searchDirectories C:\Program Files\dotnet\sdk\7.0.100\Extensions,C:\Program Files\dotnet\sdk\7.0.100
TpTrace Information: 0 : 21304, 1, 2023/06/22, 17:04:51.196, 2038245605280, vstest.console.dll, AssemblyResolver.OnResolve: Microsoft.Diagnostics.NETCore.Client: Resolving assembly.
TpTrace Information: 0 : 21304, 1, 2023/06/22, 17:04:51.196, 2038245605862, vstest.console.dll, AssemblyResolver.OnResolve: Microsoft.Diagnostics.NETCore.Client: Searching in: 'C:\Program Files\dotnet\sdk\7.0.100\Extensions'.
TpTrace Information: 0 : 21304, 1, 2023/06/22, 17:04:51.201, 2038245656690, vstest.console.dll, AssemblyResolver.OnResolve: Microsoft.Diagnostics.NETCore.Client: Loading assembly 'C:\Program Files\dotnet\sdk\7.0.100\Extensions\Microsoft.Diagnostics.NETCore.Client.dll'.
TpTrace Information: 0 : 21304, 1, 2023/06/22, 17:04:51.202, 2038245660621, vstest.console.dll, AssemblyResolver.OnResolve: Resolved assembly: Microsoft.Diagnostics.NETCore.Client, from path: C:\Program Files\dotnet\sdk\7.0.100\Extensions\Microsoft.Diagnostics.NETCore.Client.dll
TpTrace Verbose: 0 : 21304, 1, 2023/06/22, 17:04:51.203, 2038245668725, vstest.console.dll, MetadataReaderExtensionsHelper: Discovering extensions inside assembly 'Microsoft.Diagnostics.NETCore.Client, Version=0.2.6.42401, Culture=neutral, PublicKeyToken=31bf3856ad364e35' file path 'C:\Program Files\dotnet\sdk\7.0.100\Extensions\Microsoft.Diagnostics.NETCore.Client.dll'
TpTrace Information: 0 : 21304, 1, 2023/06/22, 17:04:51.205, 2038245694651, vstest.console.dll, AssemblyResolver.OnResolve: Microsoft.Bcl.AsyncInterfaces: Resolving assembly.
TpTrace Information: 0 : 21304, 1, 2023/06/22, 17:04:51.205, 2038245695290, vstest.console.dll, AssemblyResolver.OnResolve: Microsoft.Bcl.AsyncInterfaces: Searching in: 'C:\Program Files\dotnet\sdk\7.0.100\Extensions'.
TpTrace Information: 0 : 21304, 1, 2023/06/22, 17:04:51.205, 2038245695758, vstest.console.dll, AssemblyResolver.OnResolve: Microsoft.Bcl.AsyncInterfaces: Assembly path does not exist: 'C:\Program Files\dotnet\sdk\7.0.100\Extensions\Microsoft.Bcl.AsyncInterfaces.dll', returning.
TpTrace Information: 0 : 21304, 1, 2023/06/22, 17:04:51.205, 2038245696440, vstest.console.dll, AssemblyResolver.OnResolve: Microsoft.Bcl.AsyncInterfaces: Assembly path does not exist: 'C:\Program Files\dotnet\sdk\7.0.100\Extensions\Microsoft.Bcl.AsyncInterfaces.exe', returning.
TpTrace Information: 0 : 21304, 1, 2023/06/22, 17:04:51.205, 2038245696710, vstest.console.dll, AssemblyResolver.OnResolve: Microsoft.Bcl.AsyncInterfaces: Searching in: 'C:\Program Files\dotnet\sdk\7.0.100'.
TpTrace Information: 0 : 21304, 1, 2023/06/22, 17:04:51.205, 2038245697059, vstest.console.dll, AssemblyResolver.OnResolve: Microsoft.Bcl.AsyncInterfaces: Assembly path does not exist: 'C:\Program Files\dotnet\sdk\7.0.100\Microsoft.Bcl.AsyncInterfaces.dll', returning.
TpTrace Information: 0 : 21304, 1, 2023/06/22, 17:04:51.205, 2038245697366, vstest.console.dll, AssemblyResolver.OnResolve: Microsoft.Bcl.AsyncInterfaces: Assembly path does not exist: 'C:\Program Files\dotnet\sdk\7.0.100\Microsoft.Bcl.AsyncInterfaces.exe', returning.
TpTrace Information: 0 : 21304, 1, 2023/06/22, 17:04:51.205, 2038245697559, vstest.console.dll, AssemblyResolver.OnResolve: Microsoft.Bcl.AsyncInterfaces: Failed to load assembly.
TpTrace Verbose: 0 : 21304, 1, 2023/06/22, 17:04:51.205, 2038245697806, vstest.console.dll, CurrentDomainAssemblyResolve: Resolving assembly 'Microsoft.Bcl.AsyncInterfaces'.
TpTrace Information: 0 : 21304, 1, 2023/06/22, 17:04:51.206, 2038245698253, vstest.console.dll, AssemblyResolver.OnResolve: Microsoft.Bcl.AsyncInterfaces: Resolving assembly.
TpTrace Information: 0 : 21304, 1, 2023/06/22, 17:04:51.206, 2038245698514, vstest.console.dll, AssemblyResolver.OnResolve: Microsoft.Bcl.AsyncInterfaces: Resolved from cache.
TpTrace Verbose: 0 : 21304, 1, 2023/06/22, 17:04:51.206, 2038245698703, vstest.console.dll, CurrentDomainAssemblyResolve: Resolving assembly 'Microsoft.Bcl.AsyncInterfaces'.
TpTrace Verbose: 0 : 21304, 1, 2023/06/22, 17:04:51.206, 2038245698940, vstest.console.dll, CurrentDomainAssemblyResolve: Failed to resolve assembly 'Microsoft.Bcl.AsyncInterfaces'.
TpTrace Verbose: 0 : 21304, 1, 2023/06/22, 17:04:51.206, 2038245703667, vstest.console.dll, CurrentDomainAssemblyResolve: Failed to resolve assembly 'Microsoft.Bcl.AsyncInterfaces'.
TpTrace Warning: 0 : 21304, 1, 2023/06/22, 17:04:51.211, 2038245754699, vstest.console.dll, TestPluginDiscoverer: Failed to get types from assembly 'Microsoft.Diagnostics.NETCore.Client, Version=0.2.6.42401, Culture=neutral, PublicKeyToken=31bf3856ad364e35'. Error: System.Reflection.ReflectionTypeLoadException: Unable to load one or more of the requested types.
Could not load file or assembly 'Microsoft.Bcl.AsyncInterfaces, Version=1.0.0.0, Culture=neutral, PublicKeyToken=cc7b13ffcd2ddd51'. El sistema no puede encontrar el archivo especificado.
   at System.Reflection.RuntimeModule.GetTypes(RuntimeModule module)
   at System.Reflection.Assembly.GetTypes()
   at Microsoft.VisualStudio.TestPlatform.Common.ExtensionFramework.TestPluginDiscoverer.GetTestExtensionsFromAssembly[TPluginInfo,TExtension](Assembly assembly, Dictionary`2 pluginInfos, String filePath)
System.IO.FileNotFoundException: Could not load file or assembly 'Microsoft.Bcl.AsyncInterfaces, Version=1.0.0.0, Culture=neutral, PublicKeyToken=cc7b13ffcd2ddd51'. El sistema no puede encontrar el archivo especificado.
File name: 'Microsoft.Bcl.AsyncInterfaces, Version=1.0.0.0, Culture=neutral, PublicKeyToken=cc7b13ffcd2ddd51'
 ---> System.IO.FileNotFoundException: Could not load file or assembly 'Microsoft.Bcl.AsyncInterfaces, Culture=neutral, PublicKeyToken=null'. El sistema no puede encontrar el archivo especificado.
File name: 'Microsoft.Bcl.AsyncInterfaces, Culture=neutral, PublicKeyToken=null'
   at System.Reflection.RuntimeAssembly.InternalLoad(AssemblyName assemblyName, StackCrawlMark& stackMark, AssemblyLoadContext assemblyLoadContext, RuntimeAssembly requestingAssembly, Boolean throwOnFileNotFound)
   at System.Reflection.Assembly.Load(AssemblyName assemblyRef)
   at Microsoft.VisualStudio.TestPlatform.Common.ExtensionFramework.TestPluginCache.CurrentDomainAssemblyResolve(Object sender, AssemblyResolveEventArgs args)
   at System.Runtime.Loader.AssemblyLoadContext.GetFirstResolvedAssemblyFromResolvingEvent(AssemblyName assemblyName)
   at System.Runtime.Loader.AssemblyLoadContext.ResolveUsingEvent(AssemblyName assemblyName)
   at System.Runtime.Loader.AssemblyLoadContext.ResolveUsingResolvingEvent(IntPtr gchManagedAssemblyLoadContext, AssemblyName assemblyName)
TpTrace Warning: 0 : 21304, 1, 2023/06/22, 17:04:51.211, 2038245757455, vstest.console.dll, LoaderExceptions: System.IO.FileNotFoundException: Could not load file or assembly 'Microsoft.Bcl.AsyncInterfaces, Version=1.0.0.0, Culture=neutral, PublicKeyToken=cc7b13ffcd2ddd51'. El sistema no puede encontrar el archivo especificado.
File name: 'Microsoft.Bcl.AsyncInterfaces, Version=1.0.0.0, Culture=neutral, PublicKeyToken=cc7b13ffcd2ddd51'
 ---> System.IO.FileNotFoundException: Could not load file or assembly 'Microsoft.Bcl.AsyncInterfaces, Culture=neutral, PublicKeyToken=null'. El sistema no puede encontrar el archivo especificado.
File name: 'Microsoft.Bcl.AsyncInterfaces, Culture=neutral, PublicKeyToken=null'
   at System.Reflection.RuntimeAssembly.InternalLoad(AssemblyName assemblyName, StackCrawlMark& stackMark, AssemblyLoadContext assemblyLoadContext, RuntimeAssembly requestingAssembly, Boolean throwOnFileNotFound)
   at System.Reflection.Assembly.Load(AssemblyName assemblyRef)
   at Microsoft.VisualStudio.TestPlatform.Common.ExtensionFramework.TestPluginCache.CurrentDomainAssemblyResolve(Object sender, AssemblyResolveEventArgs args)
   at System.Runtime.Loader.AssemblyLoadContext.GetFirstResolvedAssemblyFromResolvingEvent(AssemblyName assemblyName)
   at System.Runtime.Loader.AssemblyLoadContext.ResolveUsingEvent(AssemblyName assemblyName)
   at System.Runtime.Loader.AssemblyLoadContext.ResolveUsingResolvingEvent(IntPtr gchManagedAssemblyLoadContext, AssemblyName assemblyName)
TpTrace Information: 0 : 21304, 1, 2023/06/22, 17:04:51.212, 2038245758715, vstest.console.dll, AssemblyResolver.OnResolve: Microsoft.TestPlatform.Extensions.BlameDataCollector: Resolving assembly.
TpTrace Information: 0 : 21304, 1, 2023/06/22, 17:04:51.212, 2038245759087, vstest.console.dll, AssemblyResolver.OnResolve: Microsoft.TestPlatform.Extensions.BlameDataCollector: Searching in: 'C:\Program Files\dotnet\sdk\7.0.100\Extensions'.
TpTrace Information: 0 : 21304, 1, 2023/06/22, 17:04:51.212, 2038245761269, vstest.console.dll, AssemblyResolver.OnResolve: Microsoft.TestPlatform.Extensions.BlameDataCollector: Loading assembly 'C:\Program Files\dotnet\sdk\7.0.100\Extensions\Microsoft.TestPlatform.Extensions.BlameDataCollector.dll'.
TpTrace Information: 0 : 21304, 1, 2023/06/22, 17:04:51.212, 2038245764200, vstest.console.dll, AssemblyResolver.OnResolve: Resolved assembly: Microsoft.TestPlatform.Extensions.BlameDataCollector, from path: C:\Program Files\dotnet\sdk\7.0.100\Extensions\Microsoft.TestPlatform.Extensions.BlameDataCollector.dll
TpTrace Verbose: 0 : 21304, 1, 2023/06/22, 17:04:51.212, 2038245764760, vstest.console.dll, MetadataReaderExtensionsHelper: Discovering extensions inside assembly 'Microsoft.TestPlatform.Extensions.BlameDataCollector, Version=15.0.0.0, Culture=neutral, PublicKeyToken=b03f5f7f11d50a3a' file path 'C:\Program Files\dotnet\sdk\7.0.100\Extensions\Microsoft.TestPlatform.Extensions.BlameDataCollector.dll'
TpTrace Information: 0 : 21304, 1, 2023/06/22, 17:04:51.213, 2038245774503, vstest.console.dll, AssemblyResolver.OnResolve: Microsoft.TestPlatform.Extensions.EventLogCollector: Resolving assembly.
TpTrace Information: 0 : 21304, 1, 2023/06/22, 17:04:51.213, 2038245775001, vstest.console.dll, AssemblyResolver.OnResolve: Microsoft.TestPlatform.Extensions.EventLogCollector: Searching in: 'C:\Program Files\dotnet\sdk\7.0.100\Extensions'.
TpTrace Information: 0 : 21304, 1, 2023/06/22, 17:04:51.213, 2038245776597, vstest.console.dll, AssemblyResolver.OnResolve: Microsoft.TestPlatform.Extensions.EventLogCollector: Loading assembly 'C:\Program Files\dotnet\sdk\7.0.100\Extensions\Microsoft.TestPlatform.Extensions.EventLogCollector.dll'.
TpTrace Information: 0 : 21304, 1, 2023/06/22, 17:04:51.214, 2038245778965, vstest.console.dll, AssemblyResolver.OnResolve: Resolved assembly: Microsoft.TestPlatform.Extensions.EventLogCollector, from path: C:\Program Files\dotnet\sdk\7.0.100\Extensions\Microsoft.TestPlatform.Extensions.EventLogCollector.dll
TpTrace Verbose: 0 : 21304, 1, 2023/06/22, 17:04:51.214, 2038245779446, vstest.console.dll, MetadataReaderExtensionsHelper: Discovering extensions inside assembly 'Microsoft.TestPlatform.Extensions.EventLogCollector, Version=15.0.0.0, Culture=neutral, PublicKeyToken=b03f5f7f11d50a3a' file path 'C:\Program Files\dotnet\sdk\7.0.100\Extensions\Microsoft.TestPlatform.Extensions.EventLogCollector.dll'
TpTrace Information: 0 : 21304, 1, 2023/06/22, 17:04:51.215, 2038245790823, vstest.console.dll, AssemblyResolver.OnResolve: Microsoft.TestPlatform.TestHostRuntimeProvider: Resolving assembly.
TpTrace Information: 0 : 21304, 1, 2023/06/22, 17:04:51.215, 2038245791404, vstest.console.dll, AssemblyResolver.OnResolve: Microsoft.TestPlatform.TestHostRuntimeProvider: Searching in: 'C:\Program Files\dotnet\sdk\7.0.100\Extensions'.
TpTrace Information: 0 : 21304, 1, 2023/06/22, 17:04:51.215, 2038245792921, vstest.console.dll, AssemblyResolver.OnResolve: Microsoft.TestPlatform.TestHostRuntimeProvider: Loading assembly 'C:\Program Files\dotnet\sdk\7.0.100\Extensions\Microsoft.TestPlatform.TestHostRuntimeProvider.dll'.
TpTrace Information: 0 : 21304, 1, 2023/06/22, 17:04:51.215, 2038245795365, vstest.console.dll, AssemblyResolver.OnResolve: Resolved assembly: Microsoft.TestPlatform.TestHostRuntimeProvider, from path: C:\Program Files\dotnet\sdk\7.0.100\Extensions\Microsoft.TestPlatform.TestHostRuntimeProvider.dll
TpTrace Verbose: 0 : 21304, 1, 2023/06/22, 17:04:51.215, 2038245795863, vstest.console.dll, MetadataReaderExtensionsHelper: Discovering extensions inside assembly 'Microsoft.TestPlatform.TestHostRuntimeProvider, Version=15.0.0.0, Culture=neutral, PublicKeyToken=b03f5f7f11d50a3a' file path 'C:\Program Files\dotnet\sdk\7.0.100\Extensions\Microsoft.TestPlatform.TestHostRuntimeProvider.dll'
TpTrace Information: 0 : 21304, 1, 2023/06/22, 17:04:51.217, 2038245809279, vstest.console.dll, GetTestExtensionFromType: Register extension with identifier data 'HostProvider://DefaultTestHost' and type 'Microsoft.VisualStudio.TestPlatform.CrossPlatEngine.Hosting.DefaultTestHostManager, Microsoft.TestPlatform.TestHostRuntimeProvider, Version=15.0.0.0, Culture=neutral, PublicKeyToken=b03f5f7f11d50a3a' inside file 'C:\Program Files\dotnet\sdk\7.0.100\Extensions\Microsoft.TestPlatform.TestHostRuntimeProvider.dll'
TpTrace Information: 0 : 21304, 1, 2023/06/22, 17:04:51.217, 2038245812431, vstest.console.dll, GetTestExtensionFromType: Register extension with identifier data 'HostProvider://DotnetTestHost' and type 'Microsoft.VisualStudio.TestPlatform.CrossPlatEngine.Hosting.DotnetTestHostManager, Microsoft.TestPlatform.TestHostRuntimeProvider, Version=15.0.0.0, Culture=neutral, PublicKeyToken=b03f5f7f11d50a3a' inside file 'C:\Program Files\dotnet\sdk\7.0.100\Extensions\Microsoft.TestPlatform.TestHostRuntimeProvider.dll'
TpTrace Information: 0 : 21304, 1, 2023/06/22, 17:04:51.217, 2038245813511, vstest.console.dll, AssemblyResolver.OnResolve: Microsoft.VisualStudio.TestPlatform.Extensions.Html.TestLogger: Resolving assembly.
TpTrace Information: 0 : 21304, 1, 2023/06/22, 17:04:51.217, 2038245814203, vstest.console.dll, AssemblyResolver.OnResolve: Microsoft.VisualStudio.TestPlatform.Extensions.Html.TestLogger: Searching in: 'C:\Program Files\dotnet\sdk\7.0.100\Extensions'.
TpTrace Information: 0 : 21304, 1, 2023/06/22, 17:04:51.217, 2038245817238, vstest.console.dll, AssemblyResolver.OnResolve: Microsoft.VisualStudio.TestPlatform.Extensions.Html.TestLogger: Loading assembly 'C:\Program Files\dotnet\sdk\7.0.100\Extensions\Microsoft.VisualStudio.TestPlatform.Extensions.Html.TestLogger.dll'.
TpTrace Information: 0 : 21304, 1, 2023/06/22, 17:04:51.218, 2038245821324, vstest.console.dll, AssemblyResolver.OnResolve: Resolved assembly: Microsoft.VisualStudio.TestPlatform.Extensions.Html.TestLogger, from path: C:\Program Files\dotnet\sdk\7.0.100\Extensions\Microsoft.VisualStudio.TestPlatform.Extensions.Html.TestLogger.dll
TpTrace Verbose: 0 : 21304, 1, 2023/06/22, 17:04:51.218, 2038245822287, vstest.console.dll, MetadataReaderExtensionsHelper: Discovering extensions inside assembly 'Microsoft.VisualStudio.TestPlatform.Extensions.Html.TestLogger, Version=15.0.0.0, Culture=neutral, PublicKeyToken=b03f5f7f11d50a3a' file path 'C:\Program Files\dotnet\sdk\7.0.100\Extensions\Microsoft.VisualStudio.TestPlatform.Extensions.Html.TestLogger.dll'
TpTrace Information: 0 : 21304, 1, 2023/06/22, 17:04:51.219, 2038245827909, vstest.console.dll, AssemblyResolver.OnResolve: Microsoft.VisualStudio.TestPlatform.Extensions.Trx.TestLogger: Resolving assembly.
TpTrace Information: 0 : 21304, 1, 2023/06/22, 17:04:51.219, 2038245828427, vstest.console.dll, AssemblyResolver.OnResolve: Microsoft.VisualStudio.TestPlatform.Extensions.Trx.TestLogger: Searching in: 'C:\Program Files\dotnet\sdk\7.0.100\Extensions'.
TpTrace Information: 0 : 21304, 1, 2023/06/22, 17:04:51.219, 2038245830245, vstest.console.dll, AssemblyResolver.OnResolve: Microsoft.VisualStudio.TestPlatform.Extensions.Trx.TestLogger: Loading assembly 'C:\Program Files\dotnet\sdk\7.0.100\Extensions\Microsoft.VisualStudio.TestPlatform.Extensions.Trx.TestLogger.dll'.
TpTrace Information: 0 : 21304, 1, 2023/06/22, 17:04:51.219, 2038245833345, vstest.console.dll, AssemblyResolver.OnResolve: Resolved assembly: Microsoft.VisualStudio.TestPlatform.Extensions.Trx.TestLogger, from path: C:\Program Files\dotnet\sdk\7.0.100\Extensions\Microsoft.VisualStudio.TestPlatform.Extensions.Trx.TestLogger.dll
TpTrace Verbose: 0 : 21304, 1, 2023/06/22, 17:04:51.219, 2038245833866, vstest.console.dll, MetadataReaderExtensionsHelper: Discovering extensions inside assembly 'Microsoft.VisualStudio.TestPlatform.Extensions.Trx.TestLogger, Version=15.0.0.0, Culture=neutral, PublicKeyToken=b03f5f7f11d50a3a' file path 'C:\Program Files\dotnet\sdk\7.0.100\Extensions\Microsoft.VisualStudio.TestPlatform.Extensions.Trx.TestLogger.dll'
TpTrace Verbose: 0 : 21304, 1, 2023/06/22, 17:04:51.220, 2038245842834, vstest.console.dll, TestPluginCache: Discovered the extensions using extension path ''.
TpTrace Verbose: 0 : 21304, 1, 2023/06/22, 17:04:51.220, 2038245843499, vstest.console.dll, TestPluginCache: Discoverers are ''.
TpTrace Verbose: 0 : 21304, 1, 2023/06/22, 17:04:51.220, 2038245843817, vstest.console.dll, TestPluginCache: Executors are ''.
TpTrace Verbose: 0 : 21304, 1, 2023/06/22, 17:04:51.220, 2038245844049, vstest.console.dll, TestPluginCache: Executors2 are ''.
TpTrace Verbose: 0 : 21304, 1, 2023/06/22, 17:04:51.220, 2038245844221, vstest.console.dll, TestPluginCache: Setting providers are ''.
TpTrace Verbose: 0 : 21304, 1, 2023/06/22, 17:04:51.220, 2038245844393, vstest.console.dll, TestPluginCache: Loggers are ''.
TpTrace Verbose: 0 : 21304, 1, 2023/06/22, 17:04:51.220, 2038245845444, vstest.console.dll, TestPluginCache: TestHosts are 'HostProvider://DefaultTestHost,HostProvider://DotnetTestHost'.
TpTrace Verbose: 0 : 21304, 1, 2023/06/22, 17:04:51.220, 2038245845709, vstest.console.dll, TestPluginCache: DataCollectors are ''.
TpTrace Information: 0 : 21304, 1, 2023/06/22, 17:04:51.228, 2038245925478, vstest.console.dll, RunTestsArgumentProcessor:Execute: Test run is starting.
TpTrace Verbose: 0 : 21304, 1, 2023/06/22, 17:04:51.228, 2038245926578, vstest.console.dll, RunTestsArgumentProcessor:Execute: Queuing Test run.
TpTrace Information: 0 : 21304, 1, 2023/06/22, 17:04:51.229, 2038245928432, vstest.console.dll, TestRequestManager.RunTests: run tests started.
TpTrace Information: 0 : 21304, 1, 2023/06/22, 17:04:51.235, 2038245997791, vstest.console.dll, AssemblyMetadataProvider.GetFrameworkName: Determined framework:'.NETCoreApp,Version=v6.0' for source: 'C:\Users\edwin.tangarife\Documents\Repos\RetoSofka\RetoSofka\RetoSofka\RetoSofka.Test\bin\Debug\net6.0\fine-code-coverage\build-output\RetoSofka.Test.dll'
TpTrace Information: 0 : 21304, 1, 2023/06/22, 17:04:51.236, 2038246000522, vstest.console.dll, Determined framework for all sources: .NETCoreApp,Version=v6.0
TpTrace Verbose: 0 : 21304, 1, 2023/06/22, 17:04:51.236, 2038246004155, vstest.console.dll, TestRequestManager.UpdateRunSettingsIfRequired: Default architecture: X64 IsDefaultTargetArchitecture: True, Current process architecture: X64 OperatingSystem: Windows.
TpTrace Information: 0 : 21304, 1, 2023/06/22, 17:04:51.238, 2038246019271, vstest.console.dll, AssemblyMetadataProvider.GetArchitecture: Determined architecture:AnyCPU info for assembly: C:\Users\edwin.tangarife\Documents\Repos\RetoSofka\RetoSofka\RetoSofka\RetoSofka.Test\bin\Debug\net6.0\fine-code-coverage\build-output\RetoSofka.Test.dll
TpTrace Information: 0 : 21304, 1, 2023/06/22, 17:04:51.238, 2038246019820, vstest.console.dll, Determined platform for source 'C:\Users\edwin.tangarife\Documents\Repos\RetoSofka\RetoSofka\RetoSofka\RetoSofka.Test\bin\Debug\net6.0\fine-code-coverage\build-output\RetoSofka.Test.dll' was AnyCPU and it will use the default plaform X64.
TpTrace Information: 0 : 21304, 1, 2023/06/22, 17:04:51.238, 2038246020043, vstest.console.dll, None of the sources provided any runnable platform, using the default platform: X64
TpTrace Information: 0 : 21304, 1, 2023/06/22, 17:04:51.238, 2038246020695, vstest.console.dll, Platform was updated to 'X64'.
TpTrace Information: 0 : 21304, 1, 2023/06/22, 17:04:51.240, 2038246046052, vstest.console.dll, InferRunSettingsHelper.IsTestSettingsEnabled: Unable to navigate to RunSettings/MSTest. Current node: RunSettings
TpTrace Information: 0 : 21304, 1, 2023/06/22, 17:04:51.241, 2038246051689, vstest.console.dll, AssemblyResolver.OnResolve: Microsoft.VisualStudio.TestPlatform.Fakes: Resolving assembly.
TpTrace Information: 0 : 21304, 1, 2023/06/22, 17:04:51.241, 2038246052235, vstest.console.dll, AssemblyResolver.OnResolve: Microsoft.VisualStudio.TestPlatform.Fakes: Searching in: 'C:\Program Files\dotnet\sdk\7.0.100\Extensions'.
TpTrace Information: 0 : 21304, 1, 2023/06/22, 17:04:51.241, 2038246053078, vstest.console.dll, AssemblyResolver.OnResolve: Microsoft.VisualStudio.TestPlatform.Fakes: Assembly path does not exist: 'C:\Program Files\dotnet\sdk\7.0.100\Extensions\Microsoft.VisualStudio.TestPlatform.Fakes.dll', returning.
TpTrace Information: 0 : 21304, 1, 2023/06/22, 17:04:51.241, 2038246053514, vstest.console.dll, AssemblyResolver.OnResolve: Microsoft.VisualStudio.TestPlatform.Fakes: Assembly path does not exist: 'C:\Program Files\dotnet\sdk\7.0.100\Extensions\Microsoft.VisualStudio.TestPlatform.Fakes.exe', returning.
TpTrace Information: 0 : 21304, 1, 2023/06/22, 17:04:51.241, 2038246053717, vstest.console.dll, AssemblyResolver.OnResolve: Microsoft.VisualStudio.TestPlatform.Fakes: Searching in: 'C:\Program Files\dotnet\sdk\7.0.100'.
TpTrace Information: 0 : 21304, 1, 2023/06/22, 17:04:51.241, 2038246054077, vstest.console.dll, AssemblyResolver.OnResolve: Microsoft.VisualStudio.TestPlatform.Fakes: Assembly path does not exist: 'C:\Program Files\dotnet\sdk\7.0.100\Microsoft.VisualStudio.TestPlatform.Fakes.dll', returning.
TpTrace Information: 0 : 21304, 1, 2023/06/22, 17:04:51.241, 2038246054375, vstest.console.dll, AssemblyResolver.OnResolve: Microsoft.VisualStudio.TestPlatform.Fakes: Assembly path does not exist: 'C:\Program Files\dotnet\sdk\7.0.100\Microsoft.VisualStudio.TestPlatform.Fakes.exe', returning.
TpTrace Information: 0 : 21304, 1, 2023/06/22, 17:04:51.241, 2038246054697, vstest.console.dll, AssemblyResolver.OnResolve: Microsoft.VisualStudio.TestPlatform.Fakes: Failed to load assembly.
TpTrace Information: 0 : 21304, 1, 2023/06/22, 17:04:51.241, 2038246056768, vstest.console.dll, Failed to load assembly Microsoft.VisualStudio.TestPlatform.Fakes, Version=17.0.0.0, Culture=neutral. Reason:System.IO.FileNotFoundException: Could not load file or assembly 'Microsoft.VisualStudio.TestPlatform.Fakes, Version=17.0.0.0, Culture=neutral, PublicKeyToken=null'. El sistema no puede encontrar el archivo especificado.
File name: 'Microsoft.VisualStudio.TestPlatform.Fakes, Version=17.0.0.0, Culture=neutral, PublicKeyToken=null'
   at System.Reflection.RuntimeAssembly.InternalLoad(AssemblyName assemblyName, StackCrawlMark& stackMark, AssemblyLoadContext assemblyLoadContext, RuntimeAssembly requestingAssembly, Boolean throwOnFileNotFound)
   at System.Reflection.Assembly.Load(AssemblyName assemblyRef)
   at Microsoft.VisualStudio.TestPlatform.Common.Utilities.FakesUtilities.LoadTestPlatformAssembly()
TpTrace Verbose: 0 : 21304, 1, 2023/06/22, 17:04:51.244, 2038246087351, vstest.console.dll, TestPluginCache.DiscoverTestExtensions: finding test extensions in assemblies ends with: TestLogger.dll TPluginInfo: Microsoft.VisualStudio.TestPlatform.Common.ExtensionFramework.Utilities.TestLoggerPluginInformation TExtension: Microsoft.VisualStudio.TestPlatform.ObjectModel.Client.ITestLogger
TpTrace Verbose: 0 : 21304, 1, 2023/06/22, 17:04:51.245, 2038246088523, vstest.console.dll, TestPluginCache.GetExtensionPaths: Filtered extension paths: 
TpTrace Verbose: 0 : 21304, 1, 2023/06/22, 17:04:51.245, 2038246088812, vstest.console.dll, TestPluginCache.GetExtensionPaths: Added default extension paths: C:\Program Files\dotnet\sdk\7.0.100\Extensions\Microsoft.Diagnostics.NETCore.Client.dll
C:\Program Files\dotnet\sdk\7.0.100\Extensions\Microsoft.TestPlatform.Extensions.BlameDataCollector.dll
C:\Program Files\dotnet\sdk\7.0.100\Extensions\Microsoft.TestPlatform.Extensions.EventLogCollector.dll
C:\Program Files\dotnet\sdk\7.0.100\Extensions\Microsoft.TestPlatform.TestHostRuntimeProvider.dll
C:\Program Files\dotnet\sdk\7.0.100\Extensions\Microsoft.VisualStudio.TestPlatform.Extensions.Html.TestLogger.dll
C:\Program Files\dotnet\sdk\7.0.100\Extensions\Microsoft.VisualStudio.TestPlatform.Extensions.Trx.TestLogger.dll
TpTrace Verbose: 0 : 21304, 1, 2023/06/22, 17:04:51.245, 2038246089034, vstest.console.dll, TestPluginCache.GetExtensionPaths: Added unfilterableExtensionPaths: 
TpTrace Information: 0 : 21304, 1, 2023/06/22, 17:04:51.245, 2038246090200, vstest.console.dll, AssemblyResolver.AddSearchDirectories: Adding more searchDirectories C:\Program Files\dotnet\sdk\7.0.100\Extensions,C:\Program Files\dotnet\sdk\7.0.100
TpTrace Verbose: 0 : 21304, 1, 2023/06/22, 17:04:51.245, 2038246090521, vstest.console.dll, TestPluginCache.DiscoverTestExtensions: Discovering the extensions using extension path.
TpTrace Verbose: 0 : 21304, 1, 2023/06/22, 17:04:51.245, 2038246090903, vstest.console.dll, TestPluginCache.GetExtensionPaths: Filtered extension paths: 
TpTrace Verbose: 0 : 21304, 1, 2023/06/22, 17:04:51.245, 2038246091128, vstest.console.dll, TestPluginCache.GetExtensionPaths: Added default extension paths: C:\Program Files\dotnet\sdk\7.0.100\Extensions\Microsoft.Diagnostics.NETCore.Client.dll
C:\Program Files\dotnet\sdk\7.0.100\Extensions\Microsoft.TestPlatform.Extensions.BlameDataCollector.dll
C:\Program Files\dotnet\sdk\7.0.100\Extensions\Microsoft.TestPlatform.Extensions.EventLogCollector.dll
C:\Program Files\dotnet\sdk\7.0.100\Extensions\Microsoft.TestPlatform.TestHostRuntimeProvider.dll
C:\Program Files\dotnet\sdk\7.0.100\Extensions\Microsoft.VisualStudio.TestPlatform.Extensions.Html.TestLogger.dll
C:\Program Files\dotnet\sdk\7.0.100\Extensions\Microsoft.VisualStudio.TestPlatform.Extensions.Trx.TestLogger.dll
TpTrace Verbose: 0 : 21304, 1, 2023/06/22, 17:04:51.245, 2038246091315, vstest.console.dll, TestPluginCache.GetExtensionPaths: Added unfilterableExtensionPaths: 
TpTrace Verbose: 0 : 21304, 1, 2023/06/22, 17:04:51.245, 2038246091538, vstest.console.dll, TestPluginCache.DiscoverTestExtensions: Discovering the extensions using allExtensionPaths: C:\Program Files\dotnet\sdk\7.0.100\Extensions\Microsoft.Diagnostics.NETCore.Client.dll
C:\Program Files\dotnet\sdk\7.0.100\Extensions\Microsoft.TestPlatform.Extensions.BlameDataCollector.dll
C:\Program Files\dotnet\sdk\7.0.100\Extensions\Microsoft.TestPlatform.Extensions.EventLogCollector.dll
C:\Program Files\dotnet\sdk\7.0.100\Extensions\Microsoft.TestPlatform.TestHostRuntimeProvider.dll
C:\Program Files\dotnet\sdk\7.0.100\Extensions\Microsoft.VisualStudio.TestPlatform.Extensions.Html.TestLogger.dll
C:\Program Files\dotnet\sdk\7.0.100\Extensions\Microsoft.VisualStudio.TestPlatform.Extensions.Trx.TestLogger.dll
TpTrace Information: 0 : 21304, 1, 2023/06/22, 17:04:51.245, 2038246092214, vstest.console.dll, AssemblyResolver.AddSearchDirectories: Adding more searchDirectories C:\Program Files\dotnet\sdk\7.0.100\Extensions,C:\Program Files\dotnet\sdk\7.0.100
TpTrace Information: 0 : 21304, 1, 2023/06/22, 17:04:51.245, 2038246092493, vstest.console.dll, AssemblyResolver.AddSearchDirectories: Adding more searchDirectories C:\Program Files\dotnet\sdk\7.0.100\Extensions,C:\Program Files\dotnet\sdk\7.0.100
TpTrace Information: 0 : 21304, 1, 2023/06/22, 17:04:51.245, 2038246092684, vstest.console.dll, AssemblyResolver.AddSearchDirectories: Adding more searchDirectories C:\Program Files\dotnet\sdk\7.0.100\Extensions,C:\Program Files\dotnet\sdk\7.0.100
TpTrace Information: 0 : 21304, 1, 2023/06/22, 17:04:51.245, 2038246092879, vstest.console.dll, AssemblyResolver.AddSearchDirectories: Adding more searchDirectories C:\Program Files\dotnet\sdk\7.0.100\Extensions,C:\Program Files\dotnet\sdk\7.0.100
TpTrace Information: 0 : 21304, 1, 2023/06/22, 17:04:51.245, 2038246093118, vstest.console.dll, AssemblyResolver.AddSearchDirectories: Adding more searchDirectories C:\Program Files\dotnet\sdk\7.0.100\Extensions,C:\Program Files\dotnet\sdk\7.0.100
TpTrace Information: 0 : 21304, 1, 2023/06/22, 17:04:51.245, 2038246093312, vstest.console.dll, AssemblyResolver.AddSearchDirectories: Adding more searchDirectories C:\Program Files\dotnet\sdk\7.0.100\Extensions,C:\Program Files\dotnet\sdk\7.0.100
TpTrace Verbose: 0 : 21304, 1, 2023/06/22, 17:04:51.245, 2038246094212, vstest.console.dll, MetadataReaderExtensionsHelper: Discovering extensions inside assembly 'Microsoft.Diagnostics.NETCore.Client, Version=0.2.6.42401, Culture=neutral, PublicKeyToken=31bf3856ad364e35' file path 'C:\Program Files\dotnet\sdk\7.0.100\Extensions\Microsoft.Diagnostics.NETCore.Client.dll'
TpTrace Information: 0 : 21304, 1, 2023/06/22, 17:04:51.246, 2038246100169, vstest.console.dll, AssemblyResolver.OnResolve: Microsoft.Bcl.AsyncInterfaces: Resolving assembly.
TpTrace Information: 0 : 21304, 1, 2023/06/22, 17:04:51.246, 2038246100825, vstest.console.dll, AssemblyResolver.OnResolve: Microsoft.Bcl.AsyncInterfaces: Resolved from cache.
TpTrace Verbose: 0 : 21304, 1, 2023/06/22, 17:04:51.246, 2038246101053, vstest.console.dll, CurrentDomainAssemblyResolve: Resolving assembly 'Microsoft.Bcl.AsyncInterfaces'.
TpTrace Information: 0 : 21304, 1, 2023/06/22, 17:04:51.246, 2038246101384, vstest.console.dll, AssemblyResolver.OnResolve: Microsoft.Bcl.AsyncInterfaces: Resolving assembly.
TpTrace Information: 0 : 21304, 1, 2023/06/22, 17:04:51.246, 2038246101586, vstest.console.dll, AssemblyResolver.OnResolve: Microsoft.Bcl.AsyncInterfaces: Resolved from cache.
TpTrace Verbose: 0 : 21304, 1, 2023/06/22, 17:04:51.246, 2038246101794, vstest.console.dll, CurrentDomainAssemblyResolve: Resolving assembly 'Microsoft.Bcl.AsyncInterfaces'.
TpTrace Verbose: 0 : 21304, 1, 2023/06/22, 17:04:51.246, 2038246101978, vstest.console.dll, CurrentDomainAssemblyResolve: Failed to resolve assembly 'Microsoft.Bcl.AsyncInterfaces'.
TpTrace Verbose: 0 : 21304, 1, 2023/06/22, 17:04:51.246, 2038246103191, vstest.console.dll, CurrentDomainAssemblyResolve: Failed to resolve assembly 'Microsoft.Bcl.AsyncInterfaces'.
TpTrace Warning: 0 : 21304, 1, 2023/06/22, 17:04:51.246, 2038246105594, vstest.console.dll, TestPluginDiscoverer: Failed to get types from assembly 'Microsoft.Diagnostics.NETCore.Client, Version=0.2.6.42401, Culture=neutral, PublicKeyToken=31bf3856ad364e35'. Error: System.Reflection.ReflectionTypeLoadException: Unable to load one or more of the requested types.
Could not load file or assembly 'Microsoft.Bcl.AsyncInterfaces, Version=1.0.0.0, Culture=neutral, PublicKeyToken=cc7b13ffcd2ddd51'. El sistema no puede encontrar el archivo especificado.
   at System.Reflection.RuntimeModule.GetTypes(RuntimeModule module)
   at System.Reflection.Assembly.GetTypes()
   at Microsoft.VisualStudio.TestPlatform.Common.ExtensionFramework.TestPluginDiscoverer.GetTestExtensionsFromAssembly[TPluginInfo,TExtension](Assembly assembly, Dictionary`2 pluginInfos, String filePath)
System.IO.FileNotFoundException: Could not load file or assembly 'Microsoft.Bcl.AsyncInterfaces, Version=1.0.0.0, Culture=neutral, PublicKeyToken=cc7b13ffcd2ddd51'. El sistema no puede encontrar el archivo especificado.
File name: 'Microsoft.Bcl.AsyncInterfaces, Version=1.0.0.0, Culture=neutral, PublicKeyToken=cc7b13ffcd2ddd51'
 ---> System.IO.FileNotFoundException: Could not load file or assembly 'Microsoft.Bcl.AsyncInterfaces, Culture=neutral, PublicKeyToken=null'. El sistema no puede encontrar el archivo especificado.
File name: 'Microsoft.Bcl.AsyncInterfaces, Culture=neutral, PublicKeyToken=null'
   at System.Reflection.RuntimeAssembly.InternalLoad(AssemblyName assemblyName, StackCrawlMark& stackMark, AssemblyLoadContext assemblyLoadContext, RuntimeAssembly requestingAssembly, Boolean throwOnFileNotFound)
   at System.Reflection.Assembly.Load(AssemblyName assemblyRef)
   at Microsoft.VisualStudio.TestPlatform.Common.ExtensionFramework.TestPluginCache.CurrentDomainAssemblyResolve(Object sender, AssemblyResolveEventArgs args)
   at System.Runtime.Loader.AssemblyLoadContext.GetFirstResolvedAssemblyFromResolvingEvent(AssemblyName assemblyName)
   at System.Runtime.Loader.AssemblyLoadContext.ResolveUsingEvent(AssemblyName assemblyName)
   at System.Runtime.Loader.AssemblyLoadContext.ResolveUsingResolvingEvent(IntPtr gchManagedAssemblyLoadContext, AssemblyName assemblyName)
TpTrace Warning: 0 : 21304, 1, 2023/06/22, 17:04:51.246, 2038246106801, vstest.console.dll, LoaderExceptions: System.IO.FileNotFoundException: Could not load file or assembly 'Microsoft.Bcl.AsyncInterfaces, Version=1.0.0.0, Culture=neutral, PublicKeyToken=cc7b13ffcd2ddd51'. El sistema no puede encontrar el archivo especificado.
File name: 'Microsoft.Bcl.AsyncInterfaces, Version=1.0.0.0, Culture=neutral, PublicKeyToken=cc7b13ffcd2ddd51'
 ---> System.IO.FileNotFoundException: Could not load file or assembly 'Microsoft.Bcl.AsyncInterfaces, Culture=neutral, PublicKeyToken=null'. El sistema no puede encontrar el archivo especificado.
File name: 'Microsoft.Bcl.AsyncInterfaces, Culture=neutral, PublicKeyToken=null'
   at System.Reflection.RuntimeAssembly.InternalLoad(AssemblyName assemblyName, StackCrawlMark& stackMark, AssemblyLoadContext assemblyLoadContext, RuntimeAssembly requestingAssembly, Boolean throwOnFileNotFound)
   at System.Reflection.Assembly.Load(AssemblyName assemblyRef)
   at Microsoft.VisualStudio.TestPlatform.Common.ExtensionFramework.TestPluginCache.CurrentDomainAssemblyResolve(Object sender, AssemblyResolveEventArgs args)
   at System.Runtime.Loader.AssemblyLoadContext.GetFirstResolvedAssemblyFromResolvingEvent(AssemblyName assemblyName)
   at System.Runtime.Loader.AssemblyLoadContext.ResolveUsingEvent(AssemblyName assemblyName)
   at System.Runtime.Loader.AssemblyLoadContext.ResolveUsingResolvingEvent(IntPtr gchManagedAssemblyLoadContext, AssemblyName assemblyName)
TpTrace Verbose: 0 : 21304, 1, 2023/06/22, 17:04:51.246, 2038246107435, vstest.console.dll, MetadataReaderExtensionsHelper: Discovering extensions inside assembly 'Microsoft.TestPlatform.Extensions.BlameDataCollector, Version=15.0.0.0, Culture=neutral, PublicKeyToken=b03f5f7f11d50a3a' file path 'C:\Program Files\dotnet\sdk\7.0.100\Extensions\Microsoft.TestPlatform.Extensions.BlameDataCollector.dll'
TpTrace Information: 0 : 21304, 1, 2023/06/22, 17:04:51.247, 2038246110870, vstest.console.dll, GetTestExtensionFromType: Register extension with identifier data 'logger://Microsoft/TestPlatform/Extensions/Blame/v1' and type 'Microsoft.TestPlatform.Extensions.BlameDataCollector.BlameLogger, Microsoft.TestPlatform.Extensions.BlameDataCollector, Version=15.0.0.0, Culture=neutral, PublicKeyToken=b03f5f7f11d50a3a' inside file 'C:\Program Files\dotnet\sdk\7.0.100\Extensions\Microsoft.TestPlatform.Extensions.BlameDataCollector.dll'
TpTrace Verbose: 0 : 21304, 1, 2023/06/22, 17:04:51.247, 2038246111645, vstest.console.dll, MetadataReaderExtensionsHelper: Discovering extensions inside assembly 'Microsoft.TestPlatform.Extensions.EventLogCollector, Version=15.0.0.0, Culture=neutral, PublicKeyToken=b03f5f7f11d50a3a' file path 'C:\Program Files\dotnet\sdk\7.0.100\Extensions\Microsoft.TestPlatform.Extensions.EventLogCollector.dll'
TpTrace Verbose: 0 : 21304, 1, 2023/06/22, 17:04:51.247, 2038246113997, vstest.console.dll, MetadataReaderExtensionsHelper: Discovering extensions inside assembly 'Microsoft.TestPlatform.TestHostRuntimeProvider, Version=15.0.0.0, Culture=neutral, PublicKeyToken=b03f5f7f11d50a3a' file path 'C:\Program Files\dotnet\sdk\7.0.100\Extensions\Microsoft.TestPlatform.TestHostRuntimeProvider.dll'
TpTrace Verbose: 0 : 21304, 1, 2023/06/22, 17:04:51.247, 2038246116852, vstest.console.dll, MetadataReaderExtensionsHelper: Discovering extensions inside assembly 'Microsoft.VisualStudio.TestPlatform.Extensions.Html.TestLogger, Version=15.0.0.0, Culture=neutral, PublicKeyToken=b03f5f7f11d50a3a' file path 'C:\Program Files\dotnet\sdk\7.0.100\Extensions\Microsoft.VisualStudio.TestPlatform.Extensions.Html.TestLogger.dll'
TpTrace Information: 0 : 21304, 1, 2023/06/22, 17:04:51.248, 2038246121599, vstest.console.dll, GetTestExtensionFromType: Register extension with identifier data 'logger://Microsoft/TestPlatform/HtmlLogger/v1' and type 'Microsoft.VisualStudio.TestPlatform.Extensions.HtmlLogger.HtmlLogger, Microsoft.VisualStudio.TestPlatform.Extensions.Html.TestLogger, Version=15.0.0.0, Culture=neutral, PublicKeyToken=b03f5f7f11d50a3a' inside file 'C:\Program Files\dotnet\sdk\7.0.100\Extensions\Microsoft.VisualStudio.TestPlatform.Extensions.Html.TestLogger.dll'
TpTrace Verbose: 0 : 21304, 1, 2023/06/22, 17:04:51.248, 2038246122349, vstest.console.dll, MetadataReaderExtensionsHelper: Discovering extensions inside assembly 'Microsoft.VisualStudio.TestPlatform.Extensions.Trx.TestLogger, Version=15.0.0.0, Culture=neutral, PublicKeyToken=b03f5f7f11d50a3a' file path 'C:\Program Files\dotnet\sdk\7.0.100\Extensions\Microsoft.VisualStudio.TestPlatform.Extensions.Trx.TestLogger.dll'
TpTrace Information: 0 : 21304, 1, 2023/06/22, 17:04:51.248, 2038246124876, vstest.console.dll, GetTestExtensionFromType: Register extension with identifier data 'logger://Microsoft/TestPlatform/TrxLogger/v1' and type 'Microsoft.VisualStudio.TestPlatform.Extensions.TrxLogger.TrxLogger, Microsoft.VisualStudio.TestPlatform.Extensions.Trx.TestLogger, Version=15.0.0.0, Culture=neutral, PublicKeyToken=b03f5f7f11d50a3a' inside file 'C:\Program Files\dotnet\sdk\7.0.100\Extensions\Microsoft.VisualStudio.TestPlatform.Extensions.Trx.TestLogger.dll'
TpTrace Verbose: 0 : 21304, 1, 2023/06/22, 17:04:51.248, 2038246125625, vstest.console.dll, TestPluginCache: Discovered the extensions using extension path ''.
TpTrace Verbose: 0 : 21304, 1, 2023/06/22, 17:04:51.248, 2038246125863, vstest.console.dll, TestPluginCache: Discoverers are ''.
TpTrace Verbose: 0 : 21304, 1, 2023/06/22, 17:04:51.248, 2038246126056, vstest.console.dll, TestPluginCache: Executors are ''.
TpTrace Verbose: 0 : 21304, 1, 2023/06/22, 17:04:51.248, 2038246126232, vstest.console.dll, TestPluginCache: Executors2 are ''.
TpTrace Verbose: 0 : 21304, 1, 2023/06/22, 17:04:51.248, 2038246126401, vstest.console.dll, TestPluginCache: Setting providers are ''.
TpTrace Verbose: 0 : 21304, 1, 2023/06/22, 17:04:51.248, 2038246126901, vstest.console.dll, TestPluginCache: Loggers are 'logger://Microsoft/TestPlatform/Extensions/Blame/v1,logger://Microsoft/TestPlatform/HtmlLogger/v1,logger://Microsoft/TestPlatform/TrxLogger/v1'.
TpTrace Verbose: 0 : 21304, 1, 2023/06/22, 17:04:51.248, 2038246127196, vstest.console.dll, TestPluginCache: TestHosts are 'HostProvider://DefaultTestHost,HostProvider://DotnetTestHost'.
TpTrace Verbose: 0 : 21304, 1, 2023/06/22, 17:04:51.248, 2038246127485, vstest.console.dll, TestPluginCache: DataCollectors are ''.
TpTrace Information: 0 : 21304, 1, 2023/06/22, 17:04:51.249, 2038246134236, vstest.console.dll, TestPluginManager.CreateTestExtension: Attempting to load test extension: Microsoft.TestPlatform.Extensions.BlameDataCollector.BlameLogger
TpTrace Verbose: 0 : 21304, 1, 2023/06/22, 17:04:51.254, 2038246187208, vstest.console.dll, TestEngine: Initializing Parallel Execution as MaxCpuCount is set to: 1
TpTrace Information: 0 : 21304, 1, 2023/06/22, 17:04:51.256, 2038246202550, vstest.console.dll, TestPluginManager.CreateTestExtension: Attempting to load test extension: Microsoft.VisualStudio.TestPlatform.CrossPlatEngine.Hosting.DefaultTestHostManager
TpTrace Information: 0 : 21304, 1, 2023/06/22, 17:04:51.257, 2038246209617, vstest.console.dll, TestPluginManager.CreateTestExtension: Attempting to load test extension: Microsoft.VisualStudio.TestPlatform.CrossPlatEngine.Hosting.DotnetTestHostManager
TpTrace Information: 0 : 21304, 1, 2023/06/22, 17:04:51.257, 2038246214334, vstest.console.dll, InferRunSettingsHelper.IsTestSettingsEnabled: Unable to navigate to RunSettings/MSTest. Current node: RunSettings
TpTrace Verbose: 0 : 21304, 1, 2023/06/22, 17:04:51.260, 2038246244314, vstest.console.dll, TestEngine.GetExecutionManager: Chosen execution manager 'Microsoft.VisualStudio.TestPlatform.CrossPlatEngine.Client.Parallel.ParallelProxyExecutionManager, Microsoft.TestPlatform.CrossPlatEngine, Version=15.0.0.0, Culture=neutral, PublicKeyToken=b03f5f7f11d50a3a' ParallelLevel '1'.
TpTrace Verbose: 0 : 21304, 1, 2023/06/22, 17:04:51.260, 2038246245898, vstest.console.dll, TestRunRequest.ExecuteAsync: Creating test run request.
TpTrace Verbose: 0 : 21304, 1, 2023/06/22, 17:04:51.261, 2038246247822, vstest.console.dll, TestRunRequest.ExecuteAsync: Starting.
TpTrace Information: 0 : 21304, 1, 2023/06/22, 17:04:51.261, 2038246250112, vstest.console.dll, TestRunRequest.ExecuteAsync: Starting run with settings:TestRunCriteria:
   KeepAlive=False,FrequencyOfRunStatsChangeEvent=10,RunStatsChangeEventTimeout=00:00:01.5000000,TestCaseFilter=,TestExecutorLauncher=
   Settingsxml=<RunSettings>
  <RunConfiguration>
    <ResultsDirectory>C:\Users\edwin.tangarife\Documents\Repos\RetoSofka\RetoSofka\RetoSofka\RetoSofka.Test\bin\Debug\net6.0\fine-code-coverage\coverage-tool-output</ResultsDirectory>
    <TargetPlatform>X64</TargetPlatform>
    <TargetFrameworkVersion>.NETCoreApp,Version=v6.0</TargetFrameworkVersion>
    <DesignMode>False</DesignMode>
    <CollectSourceInformation>False</CollectSourceInformation>
  </RunConfiguration>
  <LoggerRunSettings>
    <Loggers>
      <Logger friendlyName="blame" enabled="True" />
      <Logger friendlyName="Console" uri="logger://microsoft/TestPlatform/ConsoleLogger/v1" assemblyQualifiedName="Microsoft.VisualStudio.TestPlatform.CommandLine.Internal.ConsoleLogger, vstest.console, Version=15.0.0.0, Culture=neutral, PublicKeyToken=b03f5f7f11d50a3a" codeBase="C:\Program Files\dotnet\sdk\7.0.100\vstest.console.dll" enabled="True" />
    </Loggers>
  </LoggerRunSettings>
  <DataCollectionRunSettings>
    <DataCollectors>
      <DataCollector friendlyName="blame" enabled="True">
        <Configuration>
          <ResultsDirectory>C:\Users\edwin.tangarife\Documents\Repos\RetoSofka\RetoSofka\RetoSofka\RetoSofka.Test\bin\Debug\net6.0\fine-code-coverage\coverage-tool-output</ResultsDirectory>
        </Configuration>
      </DataCollector>
    </DataCollectors>
  </DataCollectionRunSettings>
</RunSettings>

TpTrace Verbose: 0 : 21304, 1, 2023/06/22, 17:04:51.261, 2038246250687, vstest.console.dll, TestRunRequest.ExecuteAsync: Wait for the first run request is over.
TpTrace Verbose: 0 : 21304, 1, 2023/06/22, 17:04:51.261, 2038246253361, vstest.console.dll, MulticastDelegateUtilities.SafeInvoke: TestRun.TestRunStart: Invoking callbacks was skipped because there are no subscribers.
TpTrace Verbose: 0 : 21304, 4, 2023/06/22, 17:04:51.261, 2038246256103, vstest.console.dll, MulticastDelegateUtilities.SafeInvoke: InternalTestLoggerEvents.SendTestRunStart: Invoking callback 1/1 for Microsoft.VisualStudio.TestPlatform.CommandLine.Internal.ConsoleLogger., took 0 ms.
TpTrace Verbose: 0 : 21304, 1, 2023/06/22, 17:04:51.262, 2038246262827, vstest.console.dll, ParallelProxyExecutionManager: Start execution. Total sources: 1
TpTrace Verbose: 0 : 21304, 1, 2023/06/22, 17:04:51.263, 2038246277207, vstest.console.dll, TestRequestSender is acting as server.
TpTrace Verbose: 0 : 21304, 1, 2023/06/22, 17:04:51.265, 2038246288289, vstest.console.dll, DataCollectionRequestSender.InitializeCommunication : Initialize communication. 
TpTrace Information: 0 : 21304, 1, 2023/06/22, 17:04:51.268, 2038246319901, vstest.console.dll, Listening on Endpoint : 127.0.0.1:59709
TpTrace Verbose: 0 : 21304, 1, 2023/06/22, 17:04:51.273, 2038246370380, vstest.console.dll, DotnetDataCollectionLauncher: Adding  --runtimeconfig "C:\Program Files\dotnet\sdk\7.0.100\datacollector.runtimeconfig.json" in args
TpTrace Verbose: 0 : 21304, 1, 2023/06/22, 17:04:51.273, 2038246371623, vstest.console.dll, DotnetDataCollectionLauncher: Adding  --depsfile "C:\Program Files\dotnet\sdk\7.0.100\datacollector.deps.json" in args
TpTrace Verbose: 0 : 21304, 1, 2023/06/22, 17:04:51.273, 2038246373023, vstest.console.dll, DotnetDataCollectionLauncher: Full path of dotnet.exe is C:\Program Files\dotnet\dotnet.exe
TpTrace Information: 0 : 21304, 1, 2023/06/22, 17:04:51.278, 2038246420789, vstest.console.dll, ProxyDataCollectionManager.Initialize: Launched datacollector processId: 29432 port: 59709
TpTrace Information: 0 : 21304, 1, 2023/06/22, 17:04:51.278, 2038246423014, vstest.console.dll, ProxyDataCollectionManager.Initialize: waiting for connection with timeout: 90 seconds
TpTrace Verbose: 0 : 21304, 1, 2023/06/22, 17:04:51.278, 2038246423611, vstest.console.dll, DataCollectionRequestSender.WaitForRequestHandlerConnection : Waiting for connection with timeout: 90000
TpTrace Information: 0 : 21304, 7, 2023/06/22, 17:04:51.393, 2038247569852, vstest.console.dll, Using the buffer size of 16384 bytes
TpTrace Verbose: 0 : 21304, 1, 2023/06/22, 17:04:51.393, 2038247570104, vstest.console.dll, SocketCommunicationManager.WaitForClientConnection took: 114 ms, with 90000 ms timeout, and finished with True.
TpTrace Information: 0 : 21304, 7, 2023/06/22, 17:04:51.393, 2038247571515, vstest.console.dll, Accepted Client request and set the flag
TpTrace Verbose: 0 : 21304, 1, 2023/06/22, 17:04:51.393, 2038247573614, vstest.console.dll, ProxyDataCollectionManager.InvokeDataCollectionServiceAction: Starting.
TpTrace Information: 0 : 21304, 1, 2023/06/22, 17:04:51.393, 2038247574420, vstest.console.dll, ProxyDataCollectionManager.BeforeTestRunStart: Get environment variable and port for datacollector processId: 29432 port: 59709
TpTrace Verbose: 0 : 21304, 1, 2023/06/22, 17:04:51.393, 2038247575469, vstest.console.dll, DataCollectionRequestSender.SendBeforeTestRunStartAndGetResult: Send BeforeTestRunStart message with settingsXml <RunSettings><RunConfiguration><ResultsDirectory>C:\Users\edwin.tangarife\Documents\Repos\RetoSofka\RetoSofka\RetoSofka\RetoSofka.Test\bin\Debug\net6.0\fine-code-coverage\coverage-tool-output</ResultsDirectory><TargetPlatform>X64</TargetPlatform><TargetFrameworkVersion>.NETCoreApp,Version=v6.0</TargetFrameworkVersion><DesignMode>False</DesignMode><CollectSourceInformation>False</CollectSourceInformation><TestAdaptersPaths>C:\Program Files\dotnet\sdk\7.0.100\Extensions</TestAdaptersPaths></RunConfiguration><LoggerRunSettings><Loggers><Logger friendlyName="blame" enabled="True" /><Logger friendlyName="Console" uri="logger://microsoft/TestPlatform/ConsoleLogger/v1" assemblyQualifiedName="Microsoft.VisualStudio.TestPlatform.CommandLine.Internal.ConsoleLogger, vstest.console, Version=15.0.0.0, Culture=neutral, PublicKeyToken=b03f5f7f11d50a3a" codeBase="C:\Program Files\dotnet\sdk\7.0.100\vstest.console.dll" enabled="True" /></Loggers></LoggerRunSettings><DataCollectionRunSettings><DataCollectors><DataCollector friendlyName="blame" enabled="True"><Configuration><ResultsDirectory>C:\Users\edwin.tangarife\Documents\Repos\RetoSofka\RetoSofka\RetoSofka\RetoSofka.Test\bin\Debug\net6.0\fine-code-coverage\coverage-tool-output</ResultsDirectory></Configuration></DataCollector></DataCollectors></DataCollectionRunSettings></RunSettings> and sources System.Collections.Generic.List`1[System.String]: 
TpTrace Verbose: 0 : 21304, 1, 2023/06/22, 17:04:51.455, 2038248197741, vstest.console.dll, DataCollectionRequestSender.SendBeforeTestRunStartAndGetResult: Received message: (DataCollection.SendMessage) -> {"MessageType":"DataCollection.SendMessage","Payload":{"FriendlyName":null,"Uri":null,"TestCaseId":"00000000-0000-0000-0000-000000000000","Message":"Logging DataCollector Diagnostics in file: C:\\Users\\edwin.tangarife\\Documents\\Repos\\RetoSofka\\RetoSofka\\RetoSofka\\RetoSofka.Test\\bin\\Debug\\net6.0\\fine-code-coverage\\coverage-tool-output\\diagnostics.datacollector.23-06-22_17-04-51_27307_1.log","Level":0}}
TpTrace Verbose: 0 : 21304, 1, 2023/06/22, 17:04:51.523, 2038248872445, vstest.console.dll, DataCollectionRequestSender.SendBeforeTestRunStartAndGetResult: Received message: (DataCollection.BeforeTestRunStartResult) -> {"MessageType":"DataCollection.BeforeTestRunStartResult","Payload":{"EnvironmentVariables":{},"DataCollectionEventsPort":59711}}
TpTrace Information: 0 : 21304, 1, 2023/06/22, 17:04:51.527, 2038248911557, vstest.console.dll, ProxyDataCollectionManager.BeforeTestRunStart: SendBeforeTestRunStartAndGetResult successful, env variable from datacollector:   and testhost port: 59711
TpTrace Information: 0 : 21304, 1, 2023/06/22, 17:04:51.527, 2038248912505, vstest.console.dll, ProxyDataCollectionManager.InvokeDataCollectionServiceAction: Completed.
TpTrace Verbose: 0 : 21304, 7, 2023/06/22, 17:04:51.527, 2038248913424, vstest.console.dll, ParallelProxyExecutionManager: Execution started. Started clients: 1
TpTrace Verbose: 0 : 21304, 1, 2023/06/22, 17:04:51.527, 2038248913552, vstest.console.dll, ProxyParallelExecutionManager: No sources available for execution.
TpTrace Information: 0 : 21304, 1, 2023/06/22, 17:04:51.527, 2038248914728, vstest.console.dll, TestRunRequest.ExecuteAsync: Started.
TpTrace Verbose: 0 : 21304, 1, 2023/06/22, 17:04:51.527, 2038248915388, vstest.console.dll, TestRunRequest.WaitForCompletion: Waiting with timeout -1.
TpTrace Verbose: 0 : 21304, 7, 2023/06/22, 17:04:51.527, 2038248915691, vstest.console.dll, TestRunRequest:SendTestRunMessage: Starting.
TpTrace Verbose: 0 : 21304, 7, 2023/06/22, 17:04:51.527, 2038248916892, vstest.console.dll, MulticastDelegateUtilities.SafeInvoke: TestRun.LogMessages: Invoking callback 1/1 for Microsoft.VisualStudio.TestPlatform.CommandLine.TestRunResultAggregator., took 0 ms.
TpTrace Information: 0 : 21304, 7, 2023/06/22, 17:04:51.527, 2038248917157, vstest.console.dll, TestRunRequest:SendTestRunMessage: Completed.
TpTrace Verbose: 0 : 21304, 4, 2023/06/22, 17:04:51.528, 2038248918073, vstest.console.dll, MulticastDelegateUtilities.SafeInvoke: InternalTestLoggerEvents.SendTestRunMessage: Invoking callback 1/1 for Microsoft.VisualStudio.TestPlatform.CommandLine.Internal.ConsoleLogger., took 0 ms.
TpTrace Verbose: 0 : 21304, 7, 2023/06/22, 17:04:51.528, 2038248918613, vstest.console.dll, ProxyExecutionManager: Test host is always Lazy initialize.
TpTrace Verbose: 0 : 21304, 7, 2023/06/22, 17:04:51.528, 2038248920661, vstest.console.dll, TestRequestSender.InitializeCommunication: initialize communication. 
TpTrace Information: 0 : 21304, 7, 2023/06/22, 17:04:51.528, 2038248924814, vstest.console.dll, SocketServer.Start: Listening on endpoint : 127.0.0.1:59712
TpTrace Verbose: 0 : 21304, 7, 2023/06/22, 17:04:51.529, 2038248931120, vstest.console.dll, DotnetTestHostmanager.GetTestHostProcessStartInfo: Platform environment 'X64' target architecture 'X64' framework '.NETCoreApp,Version=v6.0' OS 'Windows'
TpTrace Verbose: 0 : 21304, 7, 2023/06/22, 17:04:51.529, 2038248932962, vstest.console.dll, DotnetTestHostmanager: Adding  --runtimeconfig "C:\Users\edwin.tangarife\Documents\Repos\RetoSofka\RetoSofka\RetoSofka\RetoSofka.Test\bin\Debug\net6.0\fine-code-coverage\build-output\RetoSofka.Test.runtimeconfig.json" in args
TpTrace Verbose: 0 : 21304, 7, 2023/06/22, 17:04:51.529, 2038248933664, vstest.console.dll, DotnetTestHostmanager: Adding  --depsfile "C:\Users\edwin.tangarife\Documents\Repos\RetoSofka\RetoSofka\RetoSofka\RetoSofka.Test\bin\Debug\net6.0\fine-code-coverage\build-output\RetoSofka.Test.deps.json" in args
TpTrace Verbose: 0 : 21304, 7, 2023/06/22, 17:04:51.529, 2038248936017, vstest.console.dll, DotnetTestHostmanager.IsWinOnArm: Current PROCESSOR_ARCHITECTURE from environment variable 'AMD64'
TpTrace Verbose: 0 : 21304, 7, 2023/06/22, 17:04:51.529, 2038248936473, vstest.console.dll, DotnetTestHostmanager.IsWinOnArm: Is Windows on ARM 'False'
TpTrace Verbose: 0 : 21304, 7, 2023/06/22, 17:04:51.529, 2038248937026, vstest.console.dll, DotnetTestHostManager: testhost.exe found at path: C:\Users\edwin.tangarife\Documents\Repos\RetoSofka\RetoSofka\RetoSofka\RetoSofka.Test\bin\Debug\net6.0\fine-code-coverage\build-output\testhost.exe
TpTrace Verbose: 0 : 21304, 7, 2023/06/22, 17:04:51.529, 2038248937333, vstest.console.dll, DotnetTestHostmanager: Full path of host exe is C:\Users\edwin.tangarife\Documents\Repos\RetoSofka\RetoSofka\RetoSofka\RetoSofka.Test\bin\Debug\net6.0\fine-code-coverage\build-output\testhost.exe
TpTrace Verbose: 0 : 21304, 7, 2023/06/22, 17:04:51.530, 2038248938460, vstest.console.dll, DotnetTestHostmanager.LaunchTestHostAsync: Found 'VSTEST_WINAPPHOST_DOTNET_ROOT' in env variables, value 'C:\Program Files\dotnet', forwarding to 'DOTNET_ROOT'
TpTrace Verbose: 0 : 21304, 7, 2023/06/22, 17:04:51.530, 2038248939807, vstest.console.dll, DotnetTestHostManager: Starting process 'C:\Users\edwin.tangarife\Documents\Repos\RetoSofka\RetoSofka\RetoSofka\RetoSofka.Test\bin\Debug\net6.0\fine-code-coverage\build-output\testhost.exe' with command line ' --runtimeconfig "C:\Users\edwin.tangarife\Documents\Repos\RetoSofka\RetoSofka\RetoSofka\RetoSofka.Test\bin\Debug\net6.0\fine-code-coverage\build-output\RetoSofka.Test.runtimeconfig.json" --depsfile "C:\Users\edwin.tangarife\Documents\Repos\RetoSofka\RetoSofka\RetoSofka\RetoSofka.Test\bin\Debug\net6.0\fine-code-coverage\build-output\RetoSofka.Test.deps.json" --port 59712 --endpoint 127.0.0.1:059712 --role client --parentprocessid 21304 --diag "C:\Users\edwin.tangarife\Documents\Repos\RetoSofka\RetoSofka\RetoSofka\RetoSofka.Test\bin\Debug\net6.0\fine-code-coverage\coverage-tool-output\diagnostics.host.23-06-22_17-04-51_52900_7.log" --tracelevel 4 --datacollectionport 59711 --telemetryoptedin false'
TpTrace Verbose: 0 : 21304, 7, 2023/06/22, 17:04:51.536, 2038249003500, vstest.console.dll, MulticastDelegateUtilities.SafeInvoke: HostProviderEvents.OnHostLaunched: Invoking callback 1/2 for Microsoft.VisualStudio.TestPlatform.CrossPlatEngine.Client.ProxyExecutionManagerWithDataCollection., took 1 ms.
TpTrace Verbose: 0 : 21304, 7, 2023/06/22, 17:04:51.536, 2038249006603, vstest.console.dll, Test Runtime launched
TpTrace Verbose: 0 : 21304, 7, 2023/06/22, 17:04:51.536, 2038249007496, vstest.console.dll, MulticastDelegateUtilities.SafeInvoke: HostProviderEvents.OnHostLaunched: Invoking callback 2/2 for Microsoft.VisualStudio.TestPlatform.CrossPlatEngine.Client.ProxyOperationManager., took 0 ms.
TpTrace Verbose: 0 : 21304, 7, 2023/06/22, 17:04:51.537, 2038249009818, vstest.console.dll, TestRequestSender.WaitForRequestHandlerConnection: waiting for connection with timeout: 90000.
TpTrace Verbose: 0 : 21304, 7, 2023/06/22, 17:04:51.674, 2038250385444, vstest.console.dll, TestRequestSender.WaitForRequestHandlerConnection: waiting took 137 ms, with timeout 90000 ms, and result 0, which is success.
TpTrace Verbose: 0 : 21304, 12, 2023/06/22, 17:04:51.674, 2038250385447, vstest.console.dll, MulticastDelegateUtilities.SafeInvoke: SocketServer: ClientConnected: Invoking callback 1/1 for Microsoft.VisualStudio.TestPlatform.CommunicationUtilities.TestRequestSender., took 0 ms.
TpTrace Verbose: 0 : 21304, 12, 2023/06/22, 17:04:51.674, 2038250387807, vstest.console.dll, SocketServer.OnClientConnected: Client connected for endPoint: 127.0.0.1:59712, starting MessageLoopAsync:
TpTrace Verbose: 0 : 21304, 12, 2023/06/22, 17:04:51.675, 2038250391926, vstest.console.dll, TcpClientExtensions.MessageLoopAsync: Polling on remoteEndPoint: 127.0.0.1:59713 localEndPoint: 127.0.0.1:59712
TpTrace Verbose: 0 : 21304, 7, 2023/06/22, 17:04:51.675, 2038250397605, vstest.console.dll, TestRequestSender.CheckVersionWithTestHost: Sending check version message: {"MessageType":"ProtocolVersion","Payload":7}
TpTrace Verbose: 0 : 21304, 12, 2023/06/22, 17:04:51.800, 2038251641812, vstest.console.dll, TcpClientExtensions.MessageLoopAsync: NotifyDataAvailable remoteEndPoint: 127.0.0.1:59713 localEndPoint: 127.0.0.1:59712
TpTrace Verbose: 0 : 21304, 12, 2023/06/22, 17:04:51.800, 2038251644940, vstest.console.dll, TestRequestSender.CheckVersionWithTestHost: onMessageReceived received message: (ProtocolVersion) -> {"MessageType":"ProtocolVersion","Payload":7}
TpTrace Verbose: 0 : 21304, 12, 2023/06/22, 17:04:51.801, 2038251653314, vstest.console.dll, MulticastDelegateUtilities.SafeInvoke: LengthPrefixCommunicationChannel: MessageReceived: Invoking callback 1/1 for Microsoft.VisualStudio.TestPlatform.CommunicationUtilities.TestRequestSender+<>c__DisplayClass26_0., took 0 ms.
TpTrace Verbose: 0 : 21304, 7, 2023/06/22, 17:04:51.801, 2038251654570, vstest.console.dll, TestPluginCache.GetExtensionPaths: Filtered extension paths: 
TpTrace Verbose: 0 : 21304, 12, 2023/06/22, 17:04:51.801, 2038251655076, vstest.console.dll, TcpClientExtensions.MessageLoopAsync: Polling on remoteEndPoint: 127.0.0.1:59713 localEndPoint: 127.0.0.1:59712
TpTrace Verbose: 0 : 21304, 7, 2023/06/22, 17:04:51.801, 2038251655585, vstest.console.dll, TestPluginCache.GetExtensionPaths: Added default extension paths: C:\Program Files\dotnet\sdk\7.0.100\Extensions\Microsoft.Diagnostics.NETCore.Client.dll
C:\Program Files\dotnet\sdk\7.0.100\Extensions\Microsoft.TestPlatform.Extensions.BlameDataCollector.dll
C:\Program Files\dotnet\sdk\7.0.100\Extensions\Microsoft.TestPlatform.Extensions.EventLogCollector.dll
C:\Program Files\dotnet\sdk\7.0.100\Extensions\Microsoft.TestPlatform.TestHostRuntimeProvider.dll
C:\Program Files\dotnet\sdk\7.0.100\Extensions\Microsoft.VisualStudio.TestPlatform.Extensions.Html.TestLogger.dll
C:\Program Files\dotnet\sdk\7.0.100\Extensions\Microsoft.VisualStudio.TestPlatform.Extensions.Trx.TestLogger.dll
TpTrace Verbose: 0 : 21304, 7, 2023/06/22, 17:04:51.801, 2038251656161, vstest.console.dll, TestPluginCache.GetExtensionPaths: Added unfilterableExtensionPaths: 
TpTrace Verbose: 0 : 21304, 7, 2023/06/22, 17:04:51.806, 2038251701870, vstest.console.dll, TestRequestSender.InitializeExecution: Sending initialize execution with message: {"Version":7,"MessageType":"TestExecution.Initialize","Payload":["C:\\Users\\edwin.tangarife\\Documents\\Repos\\RetoSofka\\RetoSofka\\RetoSofka\\RetoSofka.Test\\bin\\Debug\\net6.0\\fine-code-coverage\\build-output\\xunit.runner.visualstudio.dotnetcore.testadapter.dll"]}
TpTrace Verbose: 0 : 21304, 12, 2023/06/22, 17:04:51.807, 2038251709213, vstest.console.dll, TcpClientExtensions.MessageLoopAsync: NotifyDataAvailable remoteEndPoint: 127.0.0.1:59713 localEndPoint: 127.0.0.1:59712
TpTrace Warning: 0 : 21304, 7, 2023/06/22, 17:04:51.807, 2038251709971, vstest.console.dll, InferRunSettingsHelper.MakeRunsettingsCompatible: Removing the following settings: TargetPlatform from RunSettings file. To use those settings please move to latest version of Microsoft.NET.Test.Sdk
TpTrace Verbose: 0 : 21304, 12, 2023/06/22, 17:04:51.807, 2038251710964, vstest.console.dll, LengthPrefixCommunicationChannel.NotifyDataAvailable: New data are waiting to be received, but there is no subscriber to be notified. Not reading them from the stream.
TpTrace Verbose: 0 : 21304, 12, 2023/06/22, 17:04:51.807, 2038251712434, vstest.console.dll, TcpClientExtensions.MessageLoopAsync: Polling on remoteEndPoint: 127.0.0.1:59713 localEndPoint: 127.0.0.1:59712
TpTrace Verbose: 0 : 21304, 12, 2023/06/22, 17:04:51.807, 2038251713765, vstest.console.dll, TcpClientExtensions.MessageLoopAsync: NotifyDataAvailable remoteEndPoint: 127.0.0.1:59713 localEndPoint: 127.0.0.1:59712
TpTrace Verbose: 0 : 21304, 12, 2023/06/22, 17:04:51.807, 2038251714194, vstest.console.dll, LengthPrefixCommunicationChannel.NotifyDataAvailable: New data are waiting to be received, but there is no subscriber to be notified. Not reading them from the stream.
TpTrace Verbose: 0 : 21304, 12, 2023/06/22, 17:04:51.807, 2038251714536, vstest.console.dll, TcpClientExtensions.MessageLoopAsync: Polling on remoteEndPoint: 127.0.0.1:59713 localEndPoint: 127.0.0.1:59712
TpTrace Verbose: 0 : 21304, 12, 2023/06/22, 17:04:51.807, 2038251714858, vstest.console.dll, TcpClientExtensions.MessageLoopAsync: NotifyDataAvailable remoteEndPoint: 127.0.0.1:59713 localEndPoint: 127.0.0.1:59712
TpTrace Verbose: 0 : 21304, 12, 2023/06/22, 17:04:51.807, 2038251715137, vstest.console.dll, LengthPrefixCommunicationChannel.NotifyDataAvailable: New data are waiting to be received, but there is no subscriber to be notified. Not reading them from the stream.
TpTrace Verbose: 0 : 21304, 12, 2023/06/22, 17:04:51.807, 2038251715459, vstest.console.dll, TcpClientExtensions.MessageLoopAsync: Polling on remoteEndPoint: 127.0.0.1:59713 localEndPoint: 127.0.0.1:59712
TpTrace Verbose: 0 : 21304, 12, 2023/06/22, 17:04:51.807, 2038251715855, vstest.console.dll, TcpClientExtensions.MessageLoopAsync: NotifyDataAvailable remoteEndPoint: 127.0.0.1:59713 localEndPoint: 127.0.0.1:59712
TpTrace Verbose: 0 : 21304, 12, 2023/06/22, 17:04:51.807, 2038251716247, vstest.console.dll, LengthPrefixCommunicationChannel.NotifyDataAvailable: New data are waiting to be received, but there is no subscriber to be notified. Not reading them from the stream.
TpTrace Verbose: 0 : 21304, 12, 2023/06/22, 17:04:51.807, 2038251716785, vstest.console.dll, TcpClientExtensions.MessageLoopAsync: Polling on remoteEndPoint: 127.0.0.1:59713 localEndPoint: 127.0.0.1:59712
TpTrace Verbose: 0 : 21304, 12, 2023/06/22, 17:04:51.807, 2038251717292, vstest.console.dll, TcpClientExtensions.MessageLoopAsync: NotifyDataAvailable remoteEndPoint: 127.0.0.1:59713 localEndPoint: 127.0.0.1:59712
TpTrace Verbose: 0 : 21304, 12, 2023/06/22, 17:04:51.808, 2038251721626, vstest.console.dll, TestRequestSender.OnExecutionMessageReceived: Received message: {"Version":7,"MessageType":"TestSession.Message","Payload":{"MessageLevel":0,"Message":"Logging TestHost Diagnostics in file: C:\\Users\\edwin.tangarife\\Documents\\Repos\\RetoSofka\\RetoSofka\\RetoSofka\\RetoSofka.Test\\bin\\Debug\\net6.0\\fine-code-coverage\\coverage-tool-output\\diagnostics.host.23-06-22_17-04-51_52900_7.log"}}
TpTrace Verbose: 0 : 21304, 12, 2023/06/22, 17:04:51.818, 2038251825139, vstest.console.dll, TestRunRequest:SendTestRunMessage: Starting.
TpTrace Verbose: 0 : 21304, 12, 2023/06/22, 17:04:51.818, 2038251826787, vstest.console.dll, MulticastDelegateUtilities.SafeInvoke: TestRun.LogMessages: Invoking callback 1/1 for Microsoft.VisualStudio.TestPlatform.CommandLine.TestRunResultAggregator., took 0 ms.
TpTrace Information: 0 : 21304, 12, 2023/06/22, 17:04:51.818, 2038251827077, vstest.console.dll, TestRunRequest:SendTestRunMessage: Completed.
TpTrace Verbose: 0 : 21304, 4, 2023/06/22, 17:04:51.818, 2038251827270, vstest.console.dll, MulticastDelegateUtilities.SafeInvoke: InternalTestLoggerEvents.SendTestRunMessage: Invoking callback 1/1 for Microsoft.VisualStudio.TestPlatform.CommandLine.Internal.ConsoleLogger., took 0 ms.
TpTrace Verbose: 0 : 21304, 12, 2023/06/22, 17:04:51.818, 2038251827336, vstest.console.dll, MulticastDelegateUtilities.SafeInvoke: LengthPrefixCommunicationChannel: MessageReceived: Invoking callback 1/1 for Microsoft.VisualStudio.TestPlatform.CommunicationUtilities.TestRequestSender+<>c__DisplayClass31_0., took 10 ms.
TpTrace Verbose: 0 : 21304, 12, 2023/06/22, 17:04:51.819, 2038251828734, vstest.console.dll, TcpClientExtensions.MessageLoopAsync: Polling on remoteEndPoint: 127.0.0.1:59713 localEndPoint: 127.0.0.1:59712
TpTrace Verbose: 0 : 21304, 7, 2023/06/22, 17:04:51.821, 2038251855457, vstest.console.dll, TestRequestSender.StartTestRun: Sending test run with message: {"Version":7,"MessageType":"TestExecution.StartWithSources","Payload":{"AdapterSourceMap":{"_none_":["C:\\Users\\edwin.tangarife\\Documents\\Repos\\RetoSofka\\RetoSofka\\RetoSofka\\RetoSofka.Test\\bin\\Debug\\net6.0\\fine-code-coverage\\build-output\\RetoSofka.Test.dll"]},"RunSettings":"<RunSettings>\r\n  <RunConfiguration>\r\n    <ResultsDirectory>C:\\Users\\edwin.tangarife\\Documents\\Repos\\RetoSofka\\RetoSofka\\RetoSofka\\RetoSofka.Test\\bin\\Debug\\net6.0\\fine-code-coverage\\coverage-tool-output</ResultsDirectory>\r\n    <TargetFrameworkVersion>.NETCoreApp,Version=v6.0</TargetFrameworkVersion>\r\n    <DesignMode>False</DesignMode>\r\n    <CollectSourceInformation>False</CollectSourceInformation>\r\n  </RunConfiguration>\r\n  <LoggerRunSettings>\r\n    <Loggers>\r\n      <Logger friendlyName=\"blame\" enabled=\"True\" />\r\n      <Logger friendlyName=\"Console\" uri=\"logger://microsoft/TestPlatform/ConsoleLogger/v1\" assemblyQualifiedName=\"Microsoft.VisualStudio.TestPlatform.CommandLine.Internal.ConsoleLogger, vstest.console, Version=15.0.0.0, Culture=neutral, PublicKeyToken=b03f5f7f11d50a3a\" codeBase=\"C:\\Program Files\\dotnet\\sdk\\7.0.100\\vstest.console.dll\" enabled=\"True\" />\r\n    </Loggers>\r\n  </LoggerRunSettings>\r\n  <DataCollectionRunSettings>\r\n    <DataCollectors>\r\n      <DataCollector friendlyName=\"blame\" enabled=\"True\">\r\n        <Configuration>\r\n          <ResultsDirectory>C:\\Users\\edwin.tangarife\\Documents\\Repos\\RetoSofka\\RetoSofka\\RetoSofka\\RetoSofka.Test\\bin\\Debug\\net6.0\\fine-code-coverage\\coverage-tool-output</ResultsDirectory>\r\n        </Configuration>\r\n      </DataCollector>\r\n    </DataCollectors>\r\n  </DataCollectionRunSettings>\r\n</RunSettings>","TestExecutionContext":{"FrequencyOfRunStatsChangeEvent":10,"RunStatsChangeEventTimeout":"00:00:01.5000000","InIsolation":false,"KeepAlive":false,"AreTestCaseLevelEventsRequired":false,"IsDebug":false,"TestCaseFilter":null,"FilterOptions":null},"Package":null}}
TpTrace Verbose: 0 : 21304, 12, 2023/06/22, 17:04:51.959, 2038253232680, vstest.console.dll, TcpClientExtensions.MessageLoopAsync: NotifyDataAvailable remoteEndPoint: 127.0.0.1:59713 localEndPoint: 127.0.0.1:59712
TpTrace Verbose: 0 : 21304, 12, 2023/06/22, 17:04:51.959, 2038253235272, vstest.console.dll, TestRequestSender.OnExecutionMessageReceived: Received message: {"Version":7,"MessageType":"TestSession.Message","Payload":{"MessageLevel":0,"Message":"[xUnit.net 00:00:00.00] xUnit.net VSTest Adapter v2.4.5+1caef2f33e (64-bit .NET 6.0.18)"}}
TpTrace Verbose: 0 : 21304, 12, 2023/06/22, 17:04:51.960, 2038253238352, vstest.console.dll, TestRunRequest:SendTestRunMessage: Starting.
TpTrace Verbose: 0 : 21304, 12, 2023/06/22, 17:04:51.960, 2038253239242, vstest.console.dll, MulticastDelegateUtilities.SafeInvoke: TestRun.LogMessages: Invoking callback 1/1 for Microsoft.VisualStudio.TestPlatform.CommandLine.TestRunResultAggregator., took 0 ms.
TpTrace Information: 0 : 21304, 12, 2023/06/22, 17:04:51.960, 2038253239572, vstest.console.dll, TestRunRequest:SendTestRunMessage: Completed.
TpTrace Verbose: 0 : 21304, 4, 2023/06/22, 17:04:51.960, 2038253239573, vstest.console.dll, MulticastDelegateUtilities.SafeInvoke: InternalTestLoggerEvents.SendTestRunMessage: Invoking callback 1/1 for Microsoft.VisualStudio.TestPlatform.CommandLine.Internal.ConsoleLogger., took 0 ms.
TpTrace Verbose: 0 : 21304, 12, 2023/06/22, 17:04:51.960, 2038253240167, vstest.console.dll, MulticastDelegateUtilities.SafeInvoke: LengthPrefixCommunicationChannel: MessageReceived: Invoking callback 1/1 for Microsoft.VisualStudio.TestPlatform.CommunicationUtilities.TestRequestSender+<>c__DisplayClass31_0., took 0 ms.
TpTrace Verbose: 0 : 21304, 12, 2023/06/22, 17:04:51.960, 2038253242524, vstest.console.dll, TcpClientExtensions.MessageLoopAsync: Polling on remoteEndPoint: 127.0.0.1:59713 localEndPoint: 127.0.0.1:59712
TpTrace Verbose: 0 : 21304, 12, 2023/06/22, 17:04:52.973, 2038263369108, vstest.console.dll, TcpClientExtensions.MessageLoopAsync: Polling on remoteEndPoint: 127.0.0.1:59713 localEndPoint: 127.0.0.1:59712
TpTrace Verbose: 0 : 21304, 12, 2023/06/22, 17:04:53.987, 2038273514277, vstest.console.dll, TcpClientExtensions.MessageLoopAsync: Polling on remoteEndPoint: 127.0.0.1:59713 localEndPoint: 127.0.0.1:59712
TpTrace Verbose: 0 : 21304, 12, 2023/06/22, 17:04:54.459, 2038278235428, vstest.console.dll, TcpClientExtensions.MessageLoopAsync: NotifyDataAvailable remoteEndPoint: 127.0.0.1:59713 localEndPoint: 127.0.0.1:59712
TpTrace Verbose: 0 : 21304, 12, 2023/06/22, 17:04:54.459, 2038278237748, vstest.console.dll, TestRequestSender.OnExecutionMessageReceived: Received message: {"Version":7,"MessageType":"TestSession.Message","Payload":{"MessageLevel":0,"Message":"[xUnit.net 00:00:02.50]   Discovering: RetoSofka.Test"}}
TpTrace Verbose: 0 : 21304, 12, 2023/06/22, 17:04:54.460, 2038278239179, vstest.console.dll, TestRunRequest:SendTestRunMessage: Starting.
TpTrace Verbose: 0 : 21304, 12, 2023/06/22, 17:04:54.460, 2038278239801, vstest.console.dll, MulticastDelegateUtilities.SafeInvoke: TestRun.LogMessages: Invoking callback 1/1 for Microsoft.VisualStudio.TestPlatform.CommandLine.TestRunResultAggregator., took 0 ms.
TpTrace Information: 0 : 21304, 12, 2023/06/22, 17:04:54.460, 2038278240068, vstest.console.dll, TestRunRequest:SendTestRunMessage: Completed.
TpTrace Verbose: 0 : 21304, 4, 2023/06/22, 17:04:54.460, 2038278240225, vstest.console.dll, MulticastDelegateUtilities.SafeInvoke: InternalTestLoggerEvents.SendTestRunMessage: Invoking callback 1/1 for Microsoft.VisualStudio.TestPlatform.CommandLine.Internal.ConsoleLogger., took 0 ms.
TpTrace Verbose: 0 : 21304, 12, 2023/06/22, 17:04:54.460, 2038278240444, vstest.console.dll, MulticastDelegateUtilities.SafeInvoke: LengthPrefixCommunicationChannel: MessageReceived: Invoking callback 1/1 for Microsoft.VisualStudio.TestPlatform.CommunicationUtilities.TestRequestSender+<>c__DisplayClass31_0., took 0 ms.
TpTrace Verbose: 0 : 21304, 12, 2023/06/22, 17:04:54.460, 2038278242660, vstest.console.dll, TcpClientExtensions.MessageLoopAsync: Polling on remoteEndPoint: 127.0.0.1:59713 localEndPoint: 127.0.0.1:59712
TpTrace Verbose: 0 : 21304, 12, 2023/06/22, 17:04:54.486, 2038278504304, vstest.console.dll, TcpClientExtensions.MessageLoopAsync: NotifyDataAvailable remoteEndPoint: 127.0.0.1:59713 localEndPoint: 127.0.0.1:59712
TpTrace Verbose: 0 : 21304, 12, 2023/06/22, 17:04:54.486, 2038278506360, vstest.console.dll, TestRequestSender.OnExecutionMessageReceived: Received message: {"Version":7,"MessageType":"TestSession.Message","Payload":{"MessageLevel":0,"Message":"[xUnit.net 00:00:02.53]   Discovered:  RetoSofka.Test"}}
TpTrace Verbose: 0 : 21304, 12, 2023/06/22, 17:04:54.486, 2038278507777, vstest.console.dll, TestRunRequest:SendTestRunMessage: Starting.
TpTrace Verbose: 0 : 21304, 12, 2023/06/22, 17:04:54.487, 2038278508278, vstest.console.dll, MulticastDelegateUtilities.SafeInvoke: TestRun.LogMessages: Invoking callback 1/1 for Microsoft.VisualStudio.TestPlatform.CommandLine.TestRunResultAggregator., took 0 ms.
TpTrace Information: 0 : 21304, 12, 2023/06/22, 17:04:54.487, 2038278508500, vstest.console.dll, TestRunRequest:SendTestRunMessage: Completed.
TpTrace Verbose: 0 : 21304, 12, 2023/06/22, 17:04:54.487, 2038278508726, vstest.console.dll, MulticastDelegateUtilities.SafeInvoke: LengthPrefixCommunicationChannel: MessageReceived: Invoking callback 1/1 for Microsoft.VisualStudio.TestPlatform.CommunicationUtilities.TestRequestSender+<>c__DisplayClass31_0., took 0 ms.
TpTrace Verbose: 0 : 21304, 4, 2023/06/22, 17:04:54.487, 2038278508666, vstest.console.dll, MulticastDelegateUtilities.SafeInvoke: InternalTestLoggerEvents.SendTestRunMessage: Invoking callback 1/1 for Microsoft.VisualStudio.TestPlatform.CommandLine.Internal.ConsoleLogger., took 0 ms.
TpTrace Verbose: 0 : 21304, 12, 2023/06/22, 17:04:54.487, 2038278509052, vstest.console.dll, TcpClientExtensions.MessageLoopAsync: Polling on remoteEndPoint: 127.0.0.1:59713 localEndPoint: 127.0.0.1:59712
TpTrace Verbose: 0 : 21304, 12, 2023/06/22, 17:04:54.488, 2038278522588, vstest.console.dll, TcpClientExtensions.MessageLoopAsync: NotifyDataAvailable remoteEndPoint: 127.0.0.1:59713 localEndPoint: 127.0.0.1:59712
TpTrace Verbose: 0 : 21304, 12, 2023/06/22, 17:04:54.488, 2038278523386, vstest.console.dll, TestRequestSender.OnExecutionMessageReceived: Received message: {"Version":7,"MessageType":"TestSession.Message","Payload":{"MessageLevel":0,"Message":"[xUnit.net 00:00:02.53]   Starting:    RetoSofka.Test"}}
TpTrace Verbose: 0 : 21304, 12, 2023/06/22, 17:04:54.488, 2038278524093, vstest.console.dll, TestRunRequest:SendTestRunMessage: Starting.
TpTrace Verbose: 0 : 21304, 12, 2023/06/22, 17:04:54.488, 2038278524480, vstest.console.dll, MulticastDelegateUtilities.SafeInvoke: TestRun.LogMessages: Invoking callback 1/1 for Microsoft.VisualStudio.TestPlatform.CommandLine.TestRunResultAggregator., took 0 ms.
TpTrace Information: 0 : 21304, 12, 2023/06/22, 17:04:54.488, 2038278524876, vstest.console.dll, TestRunRequest:SendTestRunMessage: Completed.
TpTrace Verbose: 0 : 21304, 12, 2023/06/22, 17:04:54.488, 2038278525081, vstest.console.dll, MulticastDelegateUtilities.SafeInvoke: LengthPrefixCommunicationChannel: MessageReceived: Invoking callback 1/1 for Microsoft.VisualStudio.TestPlatform.CommunicationUtilities.TestRequestSender+<>c__DisplayClass31_0., took 0 ms.
TpTrace Verbose: 0 : 21304, 4, 2023/06/22, 17:04:54.488, 2038278525181, vstest.console.dll, MulticastDelegateUtilities.SafeInvoke: InternalTestLoggerEvents.SendTestRunMessage: Invoking callback 1/1 for Microsoft.VisualStudio.TestPlatform.CommandLine.Internal.ConsoleLogger., took 0 ms.
TpTrace Verbose: 0 : 21304, 12, 2023/06/22, 17:04:54.488, 2038278525305, vstest.console.dll, TcpClientExtensions.MessageLoopAsync: Polling on remoteEndPoint: 127.0.0.1:59713 localEndPoint: 127.0.0.1:59712
TpTrace Verbose: 0 : 21304, 12, 2023/06/22, 17:04:54.540, 2038279044090, vstest.console.dll, TcpClientExtensions.MessageLoopAsync: NotifyDataAvailable remoteEndPoint: 127.0.0.1:59713 localEndPoint: 127.0.0.1:59712
TpTrace Verbose: 0 : 21304, 12, 2023/06/22, 17:04:54.540, 2038279046476, vstest.console.dll, TestRequestSender.OnExecutionMessageReceived: Received message: {"Version":7,"MessageType":"TestExecution.StatsChange","Payload":{"NewTestResults":[],"TestRunStatistics":{"ExecutedTests":0,"Stats":{}},"ActiveTests":[{"Id":"9a3e72e7-a1ad-d0c1-3b23-e013ed4acedb","FullyQualifiedName":"RetoSofka.Test.OperationProductTest.TestGenericMethodDeleteInformation","DisplayName":"RetoSofka.Test.OperationProductTest.TestGenericMethodDeleteInformation","ExecutorUri":"executor://xunit/VsTestRunner2/netcoreapp","Source":"C:\\Users\\edwin.tangarife\\Documents\\Repos\\RetoSofka\\RetoSofka\\RetoSofka\\RetoSofka.Test\\bin\\Debug\\net6.0\\fine-code-coverage\\build-output\\RetoSofka.Test.dll","CodeFilePath":null,"LineNumber":0,"Properties":[]}]}}
TpTrace Verbose: 0 : 21304, 12, 2023/06/22, 17:04:54.553, 2038279173701, vstest.console.dll, TestRunRequest:SendTestRunStatsChange: Starting.
TpTrace Verbose: 0 : 21304, 12, 2023/06/22, 17:04:54.553, 2038279176131, vstest.console.dll, InProgress is RetoSofka.Test.OperationProductTest.TestGenericMethodDeleteInformation
TpTrace Verbose: 0 : 21304, 12, 2023/06/22, 17:04:54.553, 2038279177198, vstest.console.dll, MulticastDelegateUtilities.SafeInvoke: TestRun.RunStatsChanged: Invoking callbacks was skipped because there are no subscribers.
TpTrace Information: 0 : 21304, 12, 2023/06/22, 17:04:54.553, 2038279177599, vstest.console.dll, TestRunRequest:SendTestRunStatsChange: Completed.
TpTrace Verbose: 0 : 21304, 12, 2023/06/22, 17:04:54.554, 2038279177954, vstest.console.dll, MulticastDelegateUtilities.SafeInvoke: LengthPrefixCommunicationChannel: MessageReceived: Invoking callback 1/1 for Microsoft.VisualStudio.TestPlatform.CommunicationUtilities.TestRequestSender+<>c__DisplayClass31_0., took 13 ms.
TpTrace Verbose: 0 : 21304, 12, 2023/06/22, 17:04:54.554, 2038279178402, vstest.console.dll, TcpClientExtensions.MessageLoopAsync: Polling on remoteEndPoint: 127.0.0.1:59713 localEndPoint: 127.0.0.1:59712
TpTrace Verbose: 0 : 21304, 12, 2023/06/22, 17:04:55.235, 2038285994494, vstest.console.dll, TcpClientExtensions.MessageLoopAsync: NotifyDataAvailable remoteEndPoint: 127.0.0.1:59713 localEndPoint: 127.0.0.1:59712
TpTrace Verbose: 0 : 21304, 12, 2023/06/22, 17:04:55.235, 2038285996007, vstest.console.dll, TestRequestSender.OnExecutionMessageReceived: Received message: {"Version":7,"MessageType":"TestSession.Message","Payload":{"MessageLevel":0,"Message":"[xUnit.net 00:00:03.28]   Finished:    RetoSofka.Test"}}
TpTrace Verbose: 0 : 21304, 12, 2023/06/22, 17:04:55.235, 2038285997487, vstest.console.dll, TestRunRequest:SendTestRunMessage: Starting.
TpTrace Verbose: 0 : 21304, 12, 2023/06/22, 17:04:55.236, 2038285998119, vstest.console.dll, MulticastDelegateUtilities.SafeInvoke: TestRun.LogMessages: Invoking callback 1/1 for Microsoft.VisualStudio.TestPlatform.CommandLine.TestRunResultAggregator., took 0 ms.
TpTrace Information: 0 : 21304, 12, 2023/06/22, 17:04:55.236, 2038285998436, vstest.console.dll, TestRunRequest:SendTestRunMessage: Completed.
TpTrace Verbose: 0 : 21304, 4, 2023/06/22, 17:04:55.236, 2038285998409, vstest.console.dll, MulticastDelegateUtilities.SafeInvoke: InternalTestLoggerEvents.SendTestRunMessage: Invoking callback 1/1 for Microsoft.VisualStudio.TestPlatform.CommandLine.Internal.ConsoleLogger., took 0 ms.
TpTrace Verbose: 0 : 21304, 12, 2023/06/22, 17:04:55.236, 2038285998770, vstest.console.dll, MulticastDelegateUtilities.SafeInvoke: LengthPrefixCommunicationChannel: MessageReceived: Invoking callback 1/1 for Microsoft.VisualStudio.TestPlatform.CommunicationUtilities.TestRequestSender+<>c__DisplayClass31_0., took 0 ms.
TpTrace Verbose: 0 : 21304, 12, 2023/06/22, 17:04:55.236, 2038285999750, vstest.console.dll, TcpClientExtensions.MessageLoopAsync: Polling on remoteEndPoint: 127.0.0.1:59713 localEndPoint: 127.0.0.1:59712
TpTrace Verbose: 0 : 21304, 12, 2023/06/22, 17:04:55.257, 2038286212599, vstest.console.dll, TcpClientExtensions.MessageLoopAsync: NotifyDataAvailable remoteEndPoint: 127.0.0.1:59713 localEndPoint: 127.0.0.1:59712
TpTrace Verbose: 0 : 21304, 12, 2023/06/22, 17:04:55.257, 2038286215977, vstest.console.dll, TestRequestSender.OnExecutionMessageReceived: Received message: {"Version":7,"MessageType":"TestExecution.Completed","Payload":{"TestRunCompleteArgs":{"TestRunStatistics":{"ExecutedTests":6,"Stats":{"Passed":6}},"IsCanceled":false,"IsAborted":false,"Error":null,"AttachmentSets":[],"InvokedDataCollectors":[],"ElapsedTimeInRunningTests":"00:00:03.2875016","Metrics":{},"DiscoveredExtensions":{"TestDiscoverers":["Xunit.Runner.VisualStudio.VsTestRunner, xunit.runner.visualstudio.dotnetcore.testadapter, Version=2.4.0.0, Culture=neutral, PublicKeyToken=8d05b1bb7a6fdb6c"],"TestExecutors":["executor://xunit/VsTestRunner2/netcoreapp"],"TestExecutors2":[],"TestSettingsProviders":[]}},"LastRunTests":{"NewTestResults":[{"TestCase":{"Id":"aa19791a-0368-e12a-1f7f-c391dcea8e57","FullyQualifiedName":"RetoSofka.Test.OperationShopTest.TestGenericMethodElsePost","DisplayName":"RetoSofka.Test.OperationShopTest.TestGenericMethodElsePost","ExecutorUri":"executor://xunit/VsTestRunner2/netcoreapp","Source":"C:\\Users\\edwin.tangarife\\Documents\\Repos\\RetoSofka\\RetoSofka\\RetoSofka\\RetoSofka.Test\\bin\\Debug\\net6.0\\fine-code-coverage\\build-output\\RetoSofka.Test.dll","CodeFilePath":null,"LineNumber":0,"Properties":[]},"Attachments":[],"Outcome":1,"ErrorMessage":null,"ErrorStackTrace":null,"DisplayName":"RetoSofka.Test.OperationShopTest.TestGenericMethodElsePost","Messages":[],"ComputerName":"PSOFKA01050","Duration":"00:00:00.5907180","StartTime":"2023-06-22T22:04:55.1218151+00:00","EndTime":"2023-06-22T22:04:55.1218307+00:00","Properties":[]},{"TestCase":{"Id":"9a3e72e7-a1ad-d0c1-3b23-e013ed4acedb","FullyQualifiedName":"RetoSofka.Test.OperationProductTest.TestGenericMethodDeleteInformation","DisplayName":"RetoSofka.Test.OperationProductTest.TestGenericMethodDeleteInformation","ExecutorUri":"executor://xunit/VsTestRunner2/netcoreapp","Source":"C:\\Users\\edwin.tangarife\\Documents\\Repos\\RetoSofka\\RetoSofka\\RetoSofka\\RetoSofka.Test\\bin\\Debug\\net6.0\\fine-code-coverage\\build-output\\RetoSofka.Test.dll","CodeFilePath":null,"LineNumber":0,"Properties":[]},"Attachments":[],"Outcome":1,"ErrorMessage":null,"ErrorStackTrace":null,"DisplayName":"RetoSofka.Test.OperationProductTest.TestGenericMethodDeleteInformation","Messages":[],"ComputerName":"PSOFKA01050","Duration":"00:00:00.6029233","StartTime":"2023-06-22T22:04:55.1374718+00:00","EndTime":"2023-06-22T22:04:55.1374719+00:00","Properties":[]},{"TestCase":{"Id":"c187b44e-411e-2c55-1d3b-c4fa6c6ac04c","FullyQualifiedName":"RetoSofka.Test.OperationProductTest.TestGenericMethodPostAdd","DisplayName":"RetoSofka.Test.OperationProductTest.TestGenericMethodPostAdd","ExecutorUri":"executor://xunit/VsTestRunner2/netcoreapp","Source":"C:\\Users\\edwin.tangarife\\Documents\\Repos\\RetoSofka\\RetoSofka\\RetoSofka\\RetoSofka.Test\\bin\\Debug\\net6.0\\fine-code-coverage\\build-output\\RetoSofka.Test.dll","CodeFilePath":null,"LineNumber":0,"Properties":[]},"Attachments":[],"Outcome":1,"ErrorMessage":null,"ErrorStackTrace":null,"DisplayName":"RetoSofka.Test.OperationProductTest.TestGenericMethodPostAdd","Messages":[],"ComputerName":"PSOFKA01050","Duration":"00:00:00.0287664","StartTime":"2023-06-22T22:04:55.162704+00:00","EndTime":"2023-06-22T22:04:55.1627043+00:00","Properties":[]},{"TestCase":{"Id":"372e9112-74ca-fc1d-5f9a-144ecc2a1a1e","FullyQualifiedName":"RetoSofka.Test.OperationProductTest.TestGenericMethodGetAllByWithOut","DisplayName":"RetoSofka.Test.OperationProductTest.TestGenericMethodGetAllByWithOut","ExecutorUri":"executor://xunit/VsTestRunner2/netcoreapp","Source":"C:\\Users\\edwin.tangarife\\Documents\\Repos\\RetoSofka\\RetoSofka\\RetoSofka\\RetoSofka.Test\\bin\\Debug\\net6.0\\fine-code-coverage\\build-output\\RetoSofka.Test.dll","CodeFilePath":null,"LineNumber":0,"Properties":[]},"Attachments":[],"Outcome":1,"ErrorMessage":null,"ErrorStackTrace":null,"DisplayName":"RetoSofka.Test.OperationProductTest.TestGenericMethodGetAllByWithOut","Messages":[],"ComputerName":"PSOFKA01050","Duration":"00:00:00.0057980","StartTime":"2023-06-22T22:04:55.1686387+00:00","EndTime":"2023-06-22T22:04:55.1686389+00:00","Properties":[]},{"TestCase":{"Id":"ba1936ec-7e88-559f-9ce4-41113f44c0d1","FullyQualifiedName":"RetoSofka.Test.OperationProductTest.TestGenericMethodGetAll","DisplayName":"RetoSofka.Test.OperationProductTest.TestGenericMethodGetAll","ExecutorUri":"executor://xunit/VsTestRunner2/netcoreapp","Source":"C:\\Users\\edwin.tangarife\\Documents\\Repos\\RetoSofka\\RetoSofka\\RetoSofka\\RetoSofka.Test\\bin\\Debug\\net6.0\\fine-code-coverage\\build-output\\RetoSofka.Test.dll","CodeFilePath":null,"LineNumber":0,"Properties":[]},"Attachments":[],"Outcome":1,"ErrorMessage":null,"ErrorStackTrace":null,"DisplayName":"RetoSofka.Test.OperationProductTest.TestGenericMethodGetAll","Messages":[],"ComputerName":"PSOFKA01050","Duration":"00:00:00.0014309","StartTime":"2023-06-22T22:04:55.1704331+00:00","EndTime":"2023-06-22T22:04:55.1704332+00:00","Properties":[]},{"TestCase":{"Id":"e2d77568-3d2d-2150-b759-82257337d456","FullyQualifiedName":"RetoSofka.Test.OperationShopTest.TestGenericMethodGetAll","DisplayName":"RetoSofka.Test.OperationShopTest.TestGenericMethodGetAll","ExecutorUri":"executor://xunit/VsTestRunner2/netcoreapp","Source":"C:\\Users\\edwin.tangarife\\Documents\\Repos\\RetoSofka\\RetoSofka\\RetoSofka\\RetoSofka.Test\\bin\\Debug\\net6.0\\fine-code-coverage\\build-output\\RetoSofka.Test.dll","CodeFilePath":null,"LineNumber":0,"Properties":[]},"Attachments":[],"Outcome":1,"ErrorMessage":null,"ErrorStackTrace":null,"DisplayName":"RetoSofka.Test.OperationShopTest.TestGenericMethodGetAll","Messages":[],"ComputerName":"PSOFKA01050","Duration":"00:00:00.1116828","StartTime":"2023-06-22T22:04:55.2331824+00:00","EndTime":"2023-06-22T22:04:55.2331827+00:00","Properties":[]}],"TestRunStatistics":{"ExecutedTests":6,"Stats":{"Passed":6}},"ActiveTests":[]},"RunAttachments":[],"ExecutorUris":["executor://xunit/VsTestRunner2/netcoreapp"]}}
TpTrace Verbose: 0 : 21304, 12, 2023/06/22, 17:04:55.257, 2038286217005, vstest.console.dll, TestRequestSender.EndSession: Sending end session.
TpTrace Verbose: 0 : 21304, 12, 2023/06/22, 17:04:55.258, 2038286218669, vstest.console.dll, ProxyOperationManager.Close: waiting for test host to exit for 100 ms
TpTrace Warning: 0 : 21304, 10, 2023/06/22, 17:04:55.291, 2038286554359, vstest.console.dll, TestHostManagerCallbacks.ErrorReceivedCallback Test host standard error line: 
TpTrace Verbose: 0 : 21304, 10, 2023/06/22, 17:04:55.310, 2038286745430, vstest.console.dll, TestHostProvider.ExitCallBack: Host exited starting callback.
TpTrace Information: 0 : 21304, 10, 2023/06/22, 17:04:55.310, 2038286747016, vstest.console.dll, TestHostManagerCallbacks.ExitCallBack: Testhost processId: 21868 exited with exitcode: 0 error: ''
TpTrace Verbose: 0 : 21304, 10, 2023/06/22, 17:04:55.310, 2038286747327, vstest.console.dll, DotnetTestHostManager.OnHostExited: invoking OnHostExited callback
TpTrace Verbose: 0 : 21304, 10, 2023/06/22, 17:04:55.310, 2038286747731, vstest.console.dll, CrossPlatEngine.TestHostManagerHostExited: calling on client process exit callback.
TpTrace Information: 0 : 21304, 10, 2023/06/22, 17:04:55.311, 2038286748080, vstest.console.dll, TestRequestSender.OnClientProcessExit: Test host process exited. Standard error: 
TpTrace Information: 0 : 21304, 10, 2023/06/22, 17:04:55.311, 2038286748383, vstest.console.dll, SocketServer.Stop: Stop server endPoint: 127.0.0.1:59712
TpTrace Information: 0 : 21304, 10, 2023/06/22, 17:04:55.311, 2038286748611, vstest.console.dll, SocketServer.Stop: Cancellation requested. Stopping message loop.
TpTrace Information: 0 : 21304, 12, 2023/06/22, 17:04:55.311, 2038286749202, vstest.console.dll, SocketServer.Stop: Stop server endPoint: 127.0.0.1:59712
TpTrace Verbose: 0 : 21304, 10, 2023/06/22, 17:04:55.311, 2038286749241, vstest.console.dll, MulticastDelegateUtilities.SafeInvoke: HostProviderEvents.OnHostExited: Invoking callback 1/1 for Microsoft.VisualStudio.TestPlatform.CrossPlatEngine.Client.ProxyOperationManager., took 0 ms.
TpTrace Information: 0 : 21304, 12, 2023/06/22, 17:04:55.311, 2038286749943, vstest.console.dll, SocketServer.Stop: Cancellation requested. Stopping message loop.
TpTrace Information: 0 : 21304, 12, 2023/06/22, 17:04:55.311, 2038286750713, vstest.console.dll, Closing the connection
TpTrace Verbose: 0 : 21304, 12, 2023/06/22, 17:04:55.311, 2038286753012, vstest.console.dll, ProxyDataCollectionManager.InvokeDataCollectionServiceAction: Starting.
TpTrace Information: 0 : 21304, 12, 2023/06/22, 17:04:55.311, 2038286753440, vstest.console.dll, ProxyDataCollectionManager.AfterTestRunEnd: Get attachment set and invoked data collectors processId: 29432 port: 59709
TpTrace Verbose: 0 : 21304, 12, 2023/06/22, 17:04:55.311, 2038286753923, vstest.console.dll, DataCollectionRequestSender.SendAfterTestRunStartAndGetResult: Send AfterTestRunEnd message with isCancelled: False
TpTrace Verbose: 0 : 21304, 12, 2023/06/22, 17:04:55.318, 2038286818452, vstest.console.dll, DataCollectionRequestSender.SendAfterTestRunStartAndGetResult: Received message: (DataCollection.AfterTestRunEndResult) -> {"MessageType":"DataCollection.AfterTestRunEndResult","Payload":{"AttachmentSets":[],"InvokedDataCollectors":[{"Uri":"datacollector://Microsoft/TestPlatform/Extensions/Blame/v1","FriendlyName":"Blame","AssemblyQualifiedName":"Microsoft.TestPlatform.Extensions.BlameDataCollector.BlameCollector, Microsoft.TestPlatform.Extensions.BlameDataCollector, Version=15.0.0.0, Culture=neutral, PublicKeyToken=b03f5f7f11d50a3a","FilePath":"C:\\Program Files\\dotnet\\sdk\\7.0.100\\Extensions\\Microsoft.TestPlatform.Extensions.BlameDataCollector.dll","HasAttachmentProcessor":false}],"Metrics":{}}}
TpTrace Information: 0 : 21304, 12, 2023/06/22, 17:04:55.322, 2038286861241, vstest.console.dll, ProxyDataCollectionManager.InvokeDataCollectionServiceAction: Completed.
TpTrace Warning: 0 : 21304, 9, 2023/06/22, 17:04:55.334, 2038286981507, vstest.console.dll, DataCollectionLauncher.ErrorReceivedCallback datacollector standard error line: 
TpTrace Information: 0 : 21304, 9, 2023/06/22, 17:04:55.340, 2038287046019, vstest.console.dll, DataCollectionLauncher.ExitCallBack: Data collector exited with exitcode: 0 error: ''
TpTrace Verbose: 0 : 21304, 12, 2023/06/22, 17:04:55.353, 2038287170014, vstest.console.dll, TestRunRequest:SendTestRunStatsChange: Starting.
TpTrace Verbose: 0 : 21304, 12, 2023/06/22, 17:04:55.353, 2038287172467, vstest.console.dll, MulticastDelegateUtilities.SafeInvoke: TestRun.RunStatsChanged: Invoking callbacks was skipped because there are no subscribers.
TpTrace Information: 0 : 21304, 12, 2023/06/22, 17:04:55.353, 2038287172738, vstest.console.dll, TestRunRequest:SendTestRunStatsChange: Completed.
TpTrace Verbose: 0 : 21304, 12, 2023/06/22, 17:04:55.353, 2038287175664, vstest.console.dll, ParallelProxyExecutionManager: HandlePartialRunComplete: Total completed clients = 1, Run complete = True, Run canceled: False.
TpTrace Verbose: 0 : 21304, 4, 2023/06/22, 17:04:55.354, 2038287184762, vstest.console.dll, MulticastDelegateUtilities.SafeInvoke: InternalTestLoggerEvents.SendTestResult: Invoking callback 1/1 for Microsoft.VisualStudio.TestPlatform.CommandLine.Internal.ConsoleLogger., took 1 ms.
TpTrace Verbose: 0 : 21304, 4, 2023/06/22, 17:04:55.354, 2038287187087, vstest.console.dll, MulticastDelegateUtilities.SafeInvoke: InternalTestLoggerEvents.SendTestResult: Invoking callback 1/1 for Microsoft.VisualStudio.TestPlatform.CommandLine.Internal.ConsoleLogger., took 0 ms.
TpTrace Verbose: 0 : 21304, 4, 2023/06/22, 17:04:55.354, 2038287187636, vstest.console.dll, MulticastDelegateUtilities.SafeInvoke: InternalTestLoggerEvents.SendTestResult: Invoking callback 1/1 for Microsoft.VisualStudio.TestPlatform.CommandLine.Internal.ConsoleLogger., took 0 ms.
TpTrace Verbose: 0 : 21304, 4, 2023/06/22, 17:04:55.355, 2038287187916, vstest.console.dll, MulticastDelegateUtilities.SafeInvoke: InternalTestLoggerEvents.SendTestResult: Invoking callback 1/1 for Microsoft.VisualStudio.TestPlatform.CommandLine.Internal.ConsoleLogger., took 0 ms.
TpTrace Verbose: 0 : 21304, 4, 2023/06/22, 17:04:55.355, 2038287188219, vstest.console.dll, MulticastDelegateUtilities.SafeInvoke: InternalTestLoggerEvents.SendTestResult: Invoking callback 1/1 for Microsoft.VisualStudio.TestPlatform.CommandLine.Internal.ConsoleLogger., took 0 ms.
TpTrace Verbose: 0 : 21304, 4, 2023/06/22, 17:04:55.355, 2038287188476, vstest.console.dll, MulticastDelegateUtilities.SafeInvoke: InternalTestLoggerEvents.SendTestResult: Invoking callback 1/1 for Microsoft.VisualStudio.TestPlatform.CommandLine.Internal.ConsoleLogger., took 0 ms.
TpTrace Verbose: 0 : 21304, 4, 2023/06/22, 17:04:55.360, 2038287239919, vstest.console.dll, MulticastDelegateUtilities.SafeInvoke: InternalTestLoggerEvents.SendTestRunComplete: Invoking callback 1/2 for Microsoft.TestPlatform.Extensions.BlameDataCollector.BlameLogger., took 0 ms.
TpTrace Verbose: 0 : 21304, 4, 2023/06/22, 17:04:55.364, 2038287283607, vstest.console.dll, MulticastDelegateUtilities.SafeInvoke: InternalTestLoggerEvents.SendTestRunComplete: Invoking callback 2/2 for Microsoft.VisualStudio.TestPlatform.CommandLine.Internal.ConsoleLogger., took 4 ms.
TpTrace Verbose: 0 : 21304, 12, 2023/06/22, 17:04:55.364, 2038287286466, vstest.console.dll, TestRunRequest:TestRunComplete: Starting. IsAborted:False IsCanceled:False.
TpTrace Verbose: 0 : 21304, 12, 2023/06/22, 17:04:55.365, 2038287295093, vstest.console.dll, TestLoggerManager.HandleTestRunComplete: Ignoring as the object is disposed.
TpTrace Verbose: 0 : 21304, 12, 2023/06/22, 17:04:55.365, 2038287297321, vstest.console.dll, MulticastDelegateUtilities.SafeInvoke: TestRun.TestRunComplete: Invoking callback 1/2 for Microsoft.VisualStudio.TestPlatform.CommandLine.TestRunResultAggregator., took 0 ms.
TpTrace Verbose: 0 : 21304, 12, 2023/06/22, 17:04:55.366, 2038287298771, vstest.console.dll, MulticastDelegateUtilities.SafeInvoke: TestRun.TestRunComplete: Invoking callback 2/2 for Microsoft.VisualStudio.TestPlatform.CommandLine.Processors.RunTestsArgumentExecutor+TestRunRequestEventsRegistrar., took 0 ms.
TpTrace Information: 0 : 21304, 12, 2023/06/22, 17:04:55.366, 2038287299849, vstest.console.dll, TestRunRequest:TestRunComplete: Completed.
TpTrace Verbose: 0 : 21304, 12, 2023/06/22, 17:04:55.366, 2038287300318, vstest.console.dll, TestRequestSender.SetOperationComplete: Setting operation complete.
TpTrace Information: 0 : 21304, 12, 2023/06/22, 17:04:55.366, 2038287300579, vstest.console.dll, SocketServer.Stop: Stop server endPoint: 127.0.0.1:59712
TpTrace Verbose: 0 : 21304, 1, 2023/06/22, 17:04:55.366, 2038287300608, vstest.console.dll, TestRunRequest.Dispose: Starting.
TpTrace Information: 0 : 21304, 1, 2023/06/22, 17:04:55.366, 2038287301277, vstest.console.dll, TestRunRequest.Dispose: Completed.
TpTrace Information: 0 : 21304, 12, 2023/06/22, 17:04:55.366, 2038287301553, vstest.console.dll, SocketServer.Stop: Cancellation requested. Stopping message loop.
TpTrace Information: 0 : 21304, 1, 2023/06/22, 17:04:55.366, 2038287301589, vstest.console.dll, TestRequestManager.RunTests: run tests completed.
TpTrace Verbose: 0 : 21304, 12, 2023/06/22, 17:04:55.366, 2038287302073, vstest.console.dll, MulticastDelegateUtilities.SafeInvoke: LengthPrefixCommunicationChannel: MessageReceived: Invoking callback 1/1 for Microsoft.VisualStudio.TestPlatform.CommunicationUtilities.TestRequestSender+<>c__DisplayClass31_0., took 108 ms.
TpTrace Information: 0 : 21304, 12, 2023/06/22, 17:04:55.366, 2038287302985, vstest.console.dll, SocketServer.PrivateStop: Stopping server endPoint: 127.0.0.1:59712 error: 
TpTrace Information: 0 : 21304, 1, 2023/06/22, 17:04:55.366, 2038287303279, vstest.console.dll, RunTestsArgumentProcessor:Execute: Test run is completed.
TpTrace Verbose: 0 : 21304, 1, 2023/06/22, 17:04:55.366, 2038287305343, vstest.console.dll, Executor.Execute: Exiting with exit code of 0
TpTrace Verbose: 0 : 21304, 12, 2023/06/22, 17:04:55.366, 2038287306746, vstest.console.dll, LengthPrefixCommunicationChannel.Dispose: Dispose reader and writer.
TpTrace Information: 0 : 21304, 12, 2023/06/22, 17:04:55.366, 2038287307434, vstest.console.dll, SocketServer.Stop: Raise disconnected event endPoint: 127.0.0.1:59712 error: 
TpTrace Verbose: 0 : 21304, 12, 2023/06/22, 17:04:55.367, 2038287308151, vstest.console.dll, TestRequestSender: OnTestRunAbort: Operation is already complete. Skip error message.
TpTrace Verbose: 0 : 21304, 12, 2023/06/22, 17:04:55.367, 2038287308448, vstest.console.dll, MulticastDelegateUtilities.SafeInvoke: SocketServer: ClientDisconnected: Invoking callback 1/1 for Microsoft.VisualStudio.TestPlatform.CommunicationUtilities.TestRequestSender., took 0 ms.
TpTrace Verbose: 0 : 21304, 12, 2023/06/22, 17:04:55.367, 2038287308670, vstest.console.dll, TcpClientExtensions.MessageLoopAsync: exiting MessageLoopAsync remoteEndPoint: 127.0.0.1:59713 localEndPoint: 127.0.0.1:59712
